Will run black and isort on modified, added, untracked, or staged Python files
Fixing /home/dach/dev/noise-entropy-augmentation-in-robotic-applications-of-reinforcement-learning/sb3/tqc.py
Fixing /home/dach/dev/noise-entropy-augmentation-in-robotic-applications-of-reinforcement-learning/sb3/trpor.py
Generating report for halfcheetah-v5 in .compare/halfcheetah-v5_ts1000000_runs100...
Generating report for experiments in .compare/halfcheetah-v5_ts1000000_runs100 on environment halfcheetah-v5...
Will run black and isort on modified, added, untracked, or staged Python files
No modified, added, untracked, or staged Python files
Generating report for halfcheetah-v5 in assets/halfcheetah-v5_ts1000000_runs100...
Generating report for experiments in assets/halfcheetah-v5_ts1000000_runs100 on environment halfcheetah-v5...
Found variants: 25
Model Performance Report for halfcheetah-v5:
Ranked by average AUC of episode reward curve:
Rank 1: TRPOR_noise-0.2
  Average Step Reward: 1.2583 (± 0.6032)
  Average Max Step Reward: 5.8333 (± 1.4094)
  Sample Efficiency - Average Timestep at Max Step Reward (%): 83.47% (± 8.22%)
  Average Episode Reward: 1258.2584 (± 603.2068)
  Average Max Episode Reward: 2242.8617 (± 1111.1716)
  Median Max Episode Reward: 2242.8617
  Sample Efficiency - Average Timestep at Max Episode Reward (%): 98.40% (± 1.60%)
  Average AUC Episode Reward: 1246552920.8480 (± 600129575.6320)
  Average Final Episode Reward (last 20% timesteps): 2014.1877 (± 1010.2490)
  Average Inference Mean Reward: 2280.0181 (± 1077.3778)
  Average Inference Std Reward: 112.1770
  Inference Stability (mean/std): 20.3252

Rank 2: TRPOR
  Average Step Reward: 0.8672 (± 0.4321)
  Average Max Step Reward: 5.0197 (± 0.9949)
  Sample Efficiency - Average Timestep at Max Step Reward (%): 66.30% (± 24.55%)
  Average Episode Reward: 867.2367 (± 432.0870)
  Average Max Episode Reward: 1753.1276 (± 954.5936)
  Median Max Episode Reward: 1271.9849
  Sample Efficiency - Average Timestep at Max Episode Reward (%): 92.93% (± 9.04%)
  Average AUC Episode Reward: 854517752.6652 (± 426571898.7945)
  Average Final Episode Reward (last 20% timesteps): 1445.2896 (± 790.0620)
  Average Inference Mean Reward: 1742.9580 (± 1045.5203)
  Average Inference Std Reward: 169.3167
  Inference Stability (mean/std): 10.2941

Rank 3: TRPOR_noise0.2
  Average Step Reward: 0.8227 (± 0.4665)
  Average Max Step Reward: 5.0450 (± 0.9817)
  Sample Efficiency - Average Timestep at Max Step Reward (%): 75.55% (± 25.25%)
  Average Episode Reward: 822.7064 (± 466.4941)
  Average Max Episode Reward: 1776.6856 (± 898.5418)
  Median Max Episode Reward: 1260.9598
  Sample Efficiency - Average Timestep at Max Episode Reward (%): 93.74% (± 7.43%)
  Average AUC Episode Reward: 812446084.8636 (± 465860152.8652)
  Average Final Episode Reward (last 20% timesteps): 1387.2144 (± 772.0408)
  Average Inference Mean Reward: 1692.9059 (± 916.4832)
  Average Inference Std Reward: 263.9122
  Inference Stability (mean/std): 6.4147

Rank 4: TRPOR_noise0.4
  Average Step Reward: 0.8071 (± 0.3484)
  Average Max Step Reward: 5.0678 (± 0.9046)
  Sample Efficiency - Average Timestep at Max Step Reward (%): 89.04% (± 9.81%)
  Average Episode Reward: 807.1454 (± 348.4466)
  Average Max Episode Reward: 1799.3433 (± 832.3328)
  Median Max Episode Reward: 1799.3433
  Sample Efficiency - Average Timestep at Max Episode Reward (%): 95.20% (± 4.00%)
  Average AUC Episode Reward: 803564655.2000 (± 345835316.1200)
  Average Final Episode Reward (last 20% timesteps): 1456.1997 (± 680.7071)
  Average Inference Mean Reward: 1756.8425 (± 786.8868)
  Average Inference Std Reward: 138.7846
  Inference Stability (mean/std): 12.6588

Rank 5: TRPOR_noise0.1
  Average Step Reward: 0.7972 (± 0.3750)
  Average Max Step Reward: 4.9197 (± 1.0018)
  Sample Efficiency - Average Timestep at Max Step Reward (%): 71.36% (± 26.03%)
  Average Episode Reward: 797.1999 (± 374.9996)
  Average Max Episode Reward: 1647.0163 (± 849.7823)
  Median Max Episode Reward: 1213.4588
  Sample Efficiency - Average Timestep at Max Episode Reward (%): 93.62% (± 8.60%)
  Average AUC Episode Reward: 784493784.3345 (± 369374569.3135)
  Average Final Episode Reward (last 20% timesteps): 1326.2397 (± 665.2660)
  Average Inference Mean Reward: 1628.9203 (± 859.0978)
  Average Inference Std Reward: 196.6874
  Inference Stability (mean/std): 8.2818

Rank 6: TRPOR_noise0.5
  Average Step Reward: 0.7708 (± 0.3530)
  Average Max Step Reward: 4.9308 (± 0.2729)
  Sample Efficiency - Average Timestep at Max Step Reward (%): 59.62% (± 19.09%)
  Average Episode Reward: 770.7722 (± 352.9564)
  Average Max Episode Reward: 1733.3744 (± 617.8773)
  Median Max Episode Reward: 1733.3744
  Sample Efficiency - Average Timestep at Max Episode Reward (%): 78.00% (± 19.60%)
  Average AUC Episode Reward: 752492321.8600 (± 361405456.0200)
  Average Final Episode Reward (last 20% timesteps): 1292.5457 (± 701.4276)
  Average Inference Mean Reward: 1569.8090 (± 845.4274)
  Average Inference Std Reward: 325.2211
  Inference Stability (mean/std): 4.8269

Rank 7: TRPOR_noise0.3
  Average Step Reward: 0.5414 (± 0.0523)
  Average Max Step Reward: 4.7272 (± 0.0251)
  Sample Efficiency - Average Timestep at Max Step Reward (%): 73.66% (± 14.40%)
  Average Episode Reward: 541.3917 (± 52.3091)
  Average Max Episode Reward: 942.0146 (± 59.8237)
  Median Max Episode Reward: 942.0146
  Sample Efficiency - Average Timestep at Max Episode Reward (%): 93.20% (± 4.40%)
  Average AUC Episode Reward: 532785855.6080 (± 42607573.3840)
  Average Final Episode Reward (last 20% timesteps): 783.9016 (± 63.0664)
  Average Inference Mean Reward: 943.5073 (± 75.5636)
  Average Inference Std Reward: 69.1825
  Inference Stability (mean/std): 13.6380

Rank 8: TRPOR_noise-0.1
  Average Step Reward: 0.5259 (± 0.0990)
  Average Max Step Reward: 4.6274 (± 0.2346)
  Sample Efficiency - Average Timestep at Max Step Reward (%): 70.85% (± 8.42%)
  Average Episode Reward: 525.9300 (± 98.9657)
  Average Max Episode Reward: 1354.3843 (± 126.7942)
  Median Max Episode Reward: 1354.3843
  Sample Efficiency - Average Timestep at Max Episode Reward (%): 89.20% (± 10.80%)
  Average AUC Episode Reward: 514877910.4040 (± 98199242.2200)
  Average Final Episode Reward (last 20% timesteps): 944.1180 (± 108.6876)
  Average Inference Mean Reward: 1282.4578 (± 1.3932)
  Average Inference Std Reward: 256.3105
  Inference Stability (mean/std): 5.0035

Rank 9: TRPOR_noise-0.3
  Average Step Reward: 0.4910 (± 0.1033)
  Average Max Step Reward: 4.8067 (± 0.1376)
  Sample Efficiency - Average Timestep at Max Step Reward (%): 66.85% (± 8.37%)
  Average Episode Reward: 490.9960 (± 103.2566)
  Average Max Episode Reward: 874.5806 (± 114.4053)
  Median Max Episode Reward: 874.5806
  Sample Efficiency - Average Timestep at Max Episode Reward (%): 97.60% (± 0.80%)
  Average AUC Episode Reward: 484677291.9880 (± 113055101.9960)
  Average Final Episode Reward (last 20% timesteps): 727.3801 (± 113.8629)
  Average Inference Mean Reward: 835.2761 (± 109.5992)
  Average Inference Std Reward: 83.9511
  Inference Stability (mean/std): 9.9496

Rank 10: TRPO
  Average Step Reward: 0.4116 (± 0.1041)
  Average Max Step Reward: 4.2174 (± 0.4788)
  Sample Efficiency - Average Timestep at Max Step Reward (%): 67.02% (± 22.98%)
  Average Episode Reward: 417.1291 (± 104.6580)
  Average Max Episode Reward: 1225.2161 (± 274.4387)
  Median Max Episode Reward: 1178.7559
  Sample Efficiency - Average Timestep at Max Episode Reward (%): 99.21% (± 1.83%)
  Average AUC Episode Reward: 411711295.8063 (± 105195688.8318)
  Average Final Episode Reward (last 20% timesteps): 1011.1985 (± 211.6699)
  Average Inference Mean Reward: 1415.6798 (± 370.1534)
  Average Inference Std Reward: 70.2433
  Inference Stability (mean/std): 20.1540

Rank 11: TRPO_noise0.1
  Average Step Reward: 0.4046 (± 0.0619)
  Average Max Step Reward: 4.1238 (± 0.4411)
  Sample Efficiency - Average Timestep at Max Step Reward (%): 65.39% (± 22.11%)
  Average Episode Reward: 409.8405 (± 61.9948)
  Average Max Episode Reward: 1157.6708 (± 189.9984)
  Median Max Episode Reward: 1131.8412
  Sample Efficiency - Average Timestep at Max Episode Reward (%): 99.10% (± 1.83%)
  Average AUC Episode Reward: 404277619.0218 (± 61939664.1466)
  Average Final Episode Reward (last 20% timesteps): 966.0469 (± 131.9269)
  Average Inference Mean Reward: 1361.9390 (± 232.3462)
  Average Inference Std Reward: 60.6233
  Inference Stability (mean/std): 22.4656

Rank 12: TRPO_noise0.2
  Average Step Reward: 0.3719 (± 0.0677)
  Average Max Step Reward: 4.1730 (± 0.4587)
  Sample Efficiency - Average Timestep at Max Step Reward (%): 65.87% (± 22.62%)
  Average Episode Reward: 376.8985 (± 68.0282)
  Average Max Episode Reward: 1112.0023 (± 255.4970)
  Median Max Episode Reward: 1063.6064
  Sample Efficiency - Average Timestep at Max Episode Reward (%): 99.08% (± 1.86%)
  Average AUC Episode Reward: 370949295.8083 (± 66532203.8547)
  Average Final Episode Reward (last 20% timesteps): 905.5459 (± 165.6946)
  Average Inference Mean Reward: 1303.7536 (± 301.2683)
  Average Inference Std Reward: 74.1416
  Inference Stability (mean/std): 17.5846

Rank 13: TRPO_noise0.3
  Average Step Reward: 0.3012 (± 0.0445)
  Average Max Step Reward: 4.3602 (± 0.2625)
  Sample Efficiency - Average Timestep at Max Step Reward (%): 55.68% (± 1.96%)
  Average Episode Reward: 301.1912 (± 44.4961)
  Average Max Episode Reward: 897.2123 (± 31.3509)
  Median Max Episode Reward: 897.2123
  Sample Efficiency - Average Timestep at Max Episode Reward (%): 99.60% (± 0.40%)
  Average AUC Episode Reward: 304798955.8560 (± 47710259.5840)
  Average Final Episode Reward (last 20% timesteps): 711.3564 (± 16.1148)
  Average Inference Mean Reward: 0.0000 (± 0.0000)
  Average Inference Std Reward: 0.0000
  Inference Stability (mean/std): 0.0000

Rank 14: TRPO_noise0.4
  Average Step Reward: 0.2807 (± 0.0427)
  Average Max Step Reward: 3.6842 (± 0.3199)
  Sample Efficiency - Average Timestep at Max Step Reward (%): 64.71% (± 23.08%)
  Average Episode Reward: 284.5752 (± 43.0395)
  Average Max Episode Reward: 884.3498 (± 90.1083)
  Median Max Episode Reward: 884.3498
  Sample Efficiency - Average Timestep at Max Episode Reward (%): 98.40% (± 0.80%)
  Average AUC Episode Reward: 285827062.8440 (± 39268866.8840)
  Average Final Episode Reward (last 20% timesteps): 708.1943 (± 75.1783)
  Average Inference Mean Reward: 996.2925 (± 92.3575)
  Average Inference Std Reward: 47.6513
  Inference Stability (mean/std): 20.9080

Rank 15: TRPO_noise0.5
  Average Step Reward: 0.2755 (± 0.0835)
  Average Max Step Reward: 4.5171 (± 0.2197)
  Sample Efficiency - Average Timestep at Max Step Reward (%): 65.87% (± 19.42%)
  Average Episode Reward: 281.1806 (± 85.7774)
  Average Max Episode Reward: 1144.7997 (± 434.6535)
  Median Max Episode Reward: 1144.7997
  Sample Efficiency - Average Timestep at Max Episode Reward (%): 100.00% (± 0.80%)
  Average AUC Episode Reward: 267616743.5360 (± 82875656.8560)
  Average Final Episode Reward (last 20% timesteps): 855.1843 (± 285.9021)
  Average Inference Mean Reward: 1358.0963 (± 533.9256)
  Average Inference Std Reward: 142.1655
  Inference Stability (mean/std): 9.5529

Rank 16: TRPOR_noise0.6
  Average Step Reward: 0.2097 (± 0.0767)
  Average Max Step Reward: 3.9497 (± 0.1274)
  Sample Efficiency - Average Timestep at Max Step Reward (%): 63.68% (± 33.17%)
  Average Episode Reward: 209.6623 (± 76.7487)
  Average Max Episode Reward: 591.2534 (± 47.4164)
  Median Max Episode Reward: 591.2534
  Sample Efficiency - Average Timestep at Max Episode Reward (%): 86.40% (± 3.20%)
  Average AUC Episode Reward: 198700825.3760 (± 71121560.2240)
  Average Final Episode Reward (last 20% timesteps): 431.7778 (± 74.1523)
  Average Inference Mean Reward: 531.4086 (± 76.0084)
  Average Inference Std Reward: 63.7431
  Inference Stability (mean/std): 8.3367

Rank 17: TRPOR_noise0.7
  Average Step Reward: 0.1518 (± 0.0426)
  Average Max Step Reward: 4.1219 (± 0.1597)
  Sample Efficiency - Average Timestep at Max Step Reward (%): 49.72% (± 11.30%)
  Average Episode Reward: 151.7761 (± 42.6280)
  Average Max Episode Reward: 614.7070 (± 172.7031)
  Median Max Episode Reward: 614.7070
  Sample Efficiency - Average Timestep at Max Episode Reward (%): 66.00% (± 2.00%)
  Average AUC Episode Reward: 157061408.3680 (± 44003984.6720)
  Average Final Episode Reward (last 20% timesteps): 330.5791 (± 37.9235)
  Average Inference Mean Reward: 390.2471 (± 21.9562)
  Average Inference Std Reward: 252.2166
  Inference Stability (mean/std): 1.5473

Rank 18: TRPOR_noise0.8
  Average Step Reward: 0.1609 (± 0.0091)
  Average Max Step Reward: 4.5005 (± 0.0559)
  Sample Efficiency - Average Timestep at Max Step Reward (%): 54.85% (± 4.40%)
  Average Episode Reward: 160.8656 (± 9.0955)
  Average Max Episode Reward: 748.6243 (± 325.0731)
  Median Max Episode Reward: 748.6243
  Sample Efficiency - Average Timestep at Max Episode Reward (%): 98.00% (± 2.00%)
  Average AUC Episode Reward: 154182241.9200 (± 7122109.8320)
  Average Final Episode Reward (last 20% timesteps): 393.1735 (± 108.5508)
  Average Inference Mean Reward: 511.6081 (± 184.6554)
  Average Inference Std Reward: 169.2519
  Inference Stability (mean/std): 3.0228

Rank 19: TRPO_noise0.7
  Average Step Reward: 0.1205 (± 0.0182)
  Average Max Step Reward: 4.1839 (± 0.1886)
  Sample Efficiency - Average Timestep at Max Step Reward (%): 68.85% (± 22.39%)
  Average Episode Reward: 123.0725 (± 17.9840)
  Average Max Episode Reward: 557.4068 (± 16.3033)
  Median Max Episode Reward: 557.4068
  Sample Efficiency - Average Timestep at Max Episode Reward (%): 92.80% (± 6.40%)
  Average AUC Episode Reward: 125400931.6520 (± 20675402.5720)
  Average Final Episode Reward (last 20% timesteps): 417.4061 (± 5.3953)
  Average Inference Mean Reward: 610.9651 (± 26.9397)
  Average Inference Std Reward: 71.5618
  Inference Stability (mean/std): 8.5376

Rank 20: TRPO_noise0.6
  Average Step Reward: 0.1238 (± 0.0459)
  Average Max Step Reward: 3.8151 (± 0.1530)
  Sample Efficiency - Average Timestep at Max Step Reward (%): 82.44% (± 16.01%)
  Average Episode Reward: 127.0227 (± 45.7796)
  Average Max Episode Reward: 630.4702 (± 30.5404)
  Median Max Episode Reward: 630.4702
  Sample Efficiency - Average Timestep at Max Episode Reward (%): 97.60% (± 1.60%)
  Average AUC Episode Reward: 125212115.8320 (± 43368960.2880)
  Average Final Episode Reward (last 20% timesteps): 477.9510 (± 20.9988)
  Average Inference Mean Reward: 725.4709 (± 1.6527)
  Average Inference Std Reward: 59.4754
  Inference Stability (mean/std): 12.1978

Rank 21: TRPOR_noise0.9
  Average Step Reward: 0.0889 (± 0.0679)
  Average Max Step Reward: 4.4013 (± 0.1588)
  Sample Efficiency - Average Timestep at Max Step Reward (%): 52.99% (± 41.51%)
  Average Episode Reward: 88.9276 (± 67.8620)
  Average Max Episode Reward: 599.6919 (± 320.2757)
  Median Max Episode Reward: 599.6919
  Sample Efficiency - Average Timestep at Max Episode Reward (%): 89.20% (± 10.80%)
  Average AUC Episode Reward: 82839224.4440 (± 66560547.7880)
  Average Final Episode Reward (last 20% timesteps): 261.6956 (± 123.8414)
  Average Inference Mean Reward: 417.9805 (± 173.8106)
  Average Inference Std Reward: 227.9170
  Inference Stability (mean/std): 1.8339

Rank 22: TRPO_noise0.8
  Average Step Reward: 0.0454 (± 0.0332)
  Average Max Step Reward: 3.5788 (± 0.0013)
  Sample Efficiency - Average Timestep at Max Step Reward (%): 52.54% (± 41.87%)
  Average Episode Reward: 47.8465 (± 32.7134)
  Average Max Episode Reward: 461.6079 (± 4.0992)
  Median Max Episode Reward: 461.6079
  Sample Efficiency - Average Timestep at Max Episode Reward (%): 94.40% (± 1.60%)
  Average AUC Episode Reward: 42028339.1520 (± 32738000.7520)
  Average Final Episode Reward (last 20% timesteps): 324.8902 (± 7.6675)
  Average Inference Mean Reward: 493.5015 (± 18.6802)
  Average Inference Std Reward: 60.1708
  Inference Stability (mean/std): 8.2017

Rank 23: TRPOR_noise1.0
  Average Step Reward: 0.0185 (± 0.0635)
  Average Max Step Reward: 4.1332 (± 0.2298)
  Sample Efficiency - Average Timestep at Max Step Reward (%): 73.03% (± 24.97%)
  Average Episode Reward: 18.5278 (± 63.5406)
  Average Max Episode Reward: 423.5482 (± 218.9526)
  Median Max Episode Reward: 321.3387
  Sample Efficiency - Average Timestep at Max Episode Reward (%): 86.00% (± 12.26%)
  Average AUC Episode Reward: 17304187.5713 (± 59100191.6238)
  Average Final Episode Reward (last 20% timesteps): 190.4335 (± 116.6496)
  Average Inference Mean Reward: 267.7332 (± 148.8305)
  Average Inference Std Reward: 113.3475
  Inference Stability (mean/std): 2.3621

Rank 24: TRPO_noise0.9
  Average Step Reward: -0.0361 (± 0.0267)
  Average Max Step Reward: 3.8571 (± 0.1331)
  Sample Efficiency - Average Timestep at Max Step Reward (%): 70.04% (± 18.01%)
  Average Episode Reward: -33.7072 (± 26.8170)
  Average Max Episode Reward: 368.4386 (± 10.5049)
  Median Max Episode Reward: 368.4386
  Sample Efficiency - Average Timestep at Max Episode Reward (%): 96.80% (± 3.20%)
  Average AUC Episode Reward: -33843848.5520 (± 26209235.3040)
  Average Final Episode Reward (last 20% timesteps): 234.6922 (± 25.0643)
  Average Inference Mean Reward: 404.6837 (± 0.1811)
  Average Inference Std Reward: 62.7313
  Inference Stability (mean/std): 6.4511

Rank 25: TRPO_noise1.0
  Average Step Reward: -0.0710 (± 0.0494)
  Average Max Step Reward: 3.7958 (± 0.1932)
  Sample Efficiency - Average Timestep at Max Step Reward (%): 64.92% (± 17.67%)
  Average Episode Reward: -68.8520 (± 49.3306)
  Average Max Episode Reward: 321.4238 (± 61.1988)
  Median Max Episode Reward: 332.1268
  Sample Efficiency - Average Timestep at Max Episode Reward (%): 94.93% (± 4.46%)
  Average AUC Episode Reward: -73171252.8413 (± 49934055.9961)
  Average Final Episode Reward (last 20% timesteps): 159.8970 (± 60.1779)
  Average Inference Mean Reward: 310.7289 (± 29.0258)
  Average Inference Std Reward: 57.6847
  Inference Stability (mean/std): 5.3867


Alternative Rankings:
Ranked by average AUC of episode reward curve:
Rank 1: TRPOR_noise-0.2 (AUC: 1246552920.8480)
Rank 2: TRPOR (AUC: 854517752.6652)
Rank 3: TRPOR_noise0.2 (AUC: 812446084.8636)
Rank 4: TRPOR_noise0.4 (AUC: 803564655.2000)
Rank 5: TRPOR_noise0.1 (AUC: 784493784.3345)
Rank 6: TRPOR_noise0.5 (AUC: 752492321.8600)
Rank 7: TRPOR_noise0.3 (AUC: 532785855.6080)
Rank 8: TRPOR_noise-0.1 (AUC: 514877910.4040)
Rank 9: TRPOR_noise-0.3 (AUC: 484677291.9880)
Rank 10: TRPO (AUC: 411711295.8063)
Rank 11: TRPO_noise0.1 (AUC: 404277619.0218)
Rank 12: TRPO_noise0.2 (AUC: 370949295.8083)
Rank 13: TRPO_noise0.3 (AUC: 304798955.8560)
Rank 14: TRPO_noise0.4 (AUC: 285827062.8440)
Rank 15: TRPO_noise0.5 (AUC: 267616743.5360)
Rank 16: TRPOR_noise0.6 (AUC: 198700825.3760)
Rank 17: TRPOR_noise0.7 (AUC: 157061408.3680)
Rank 18: TRPOR_noise0.8 (AUC: 154182241.9200)
Rank 19: TRPO_noise0.7 (AUC: 125400931.6520)
Rank 20: TRPO_noise0.6 (AUC: 125212115.8320)
Rank 21: TRPOR_noise0.9 (AUC: 82839224.4440)
Rank 22: TRPO_noise0.8 (AUC: 42028339.1520)
Rank 23: TRPOR_noise1.0 (AUC: 17304187.5713)
Rank 24: TRPO_noise0.9 (AUC: -33843848.5520)
Rank 25: TRPO_noise1.0 (AUC: -73171252.8413)

Ranked by average final episode reward (last 20% timesteps):
Rank 1: TRPOR_noise-0.2 (Final Avg: 2014.1877)
Rank 2: TRPOR_noise0.4 (Final Avg: 1456.1997)
Rank 3: TRPOR (Final Avg: 1445.2896)
Rank 4: TRPOR_noise0.2 (Final Avg: 1387.2144)
Rank 5: TRPOR_noise0.1 (Final Avg: 1326.2397)
Rank 6: TRPOR_noise0.5 (Final Avg: 1292.5457)
Rank 7: TRPO (Final Avg: 1011.1985)
Rank 8: TRPO_noise0.1 (Final Avg: 966.0469)
Rank 9: TRPOR_noise-0.1 (Final Avg: 944.1180)
Rank 10: TRPO_noise0.2 (Final Avg: 905.5459)
Rank 11: TRPO_noise0.5 (Final Avg: 855.1843)
Rank 12: TRPOR_noise0.3 (Final Avg: 783.9016)
Rank 13: TRPOR_noise-0.3 (Final Avg: 727.3801)
Rank 14: TRPO_noise0.3 (Final Avg: 711.3564)
Rank 15: TRPO_noise0.4 (Final Avg: 708.1943)
Rank 16: TRPO_noise0.6 (Final Avg: 477.9510)
Rank 17: TRPOR_noise0.6 (Final Avg: 431.7778)
Rank 18: TRPO_noise0.7 (Final Avg: 417.4061)
Rank 19: TRPOR_noise0.8 (Final Avg: 393.1735)
Rank 20: TRPOR_noise0.7 (Final Avg: 330.5791)
Rank 21: TRPO_noise0.8 (Final Avg: 324.8902)
Rank 22: TRPOR_noise0.9 (Final Avg: 261.6956)
Rank 23: TRPO_noise0.9 (Final Avg: 234.6922)
Rank 24: TRPOR_noise1.0 (Final Avg: 190.4335)
Rank 25: TRPO_noise1.0 (Final Avg: 159.8970)

Ranked by median max episode reward:
Rank 1: TRPOR_noise-0.2 (Median Max: 2242.8617)
Rank 2: TRPOR_noise0.4 (Median Max: 1799.3433)
Rank 3: TRPOR_noise0.5 (Median Max: 1733.3744)
Rank 4: TRPOR_noise-0.1 (Median Max: 1354.3843)
Rank 5: TRPOR (Median Max: 1271.9849)
Rank 6: TRPOR_noise0.2 (Median Max: 1260.9598)
Rank 7: TRPOR_noise0.1 (Median Max: 1213.4588)
Rank 8: TRPO (Median Max: 1178.7559)
Rank 9: TRPO_noise0.5 (Median Max: 1144.7997)
Rank 10: TRPO_noise0.1 (Median Max: 1131.8412)
Rank 11: TRPO_noise0.2 (Median Max: 1063.6064)
Rank 12: TRPOR_noise0.3 (Median Max: 942.0146)
Rank 13: TRPO_noise0.3 (Median Max: 897.2123)
Rank 14: TRPO_noise0.4 (Median Max: 884.3498)
Rank 15: TRPOR_noise-0.3 (Median Max: 874.5806)
Rank 16: TRPOR_noise0.8 (Median Max: 748.6243)
Rank 17: TRPO_noise0.6 (Median Max: 630.4702)
Rank 18: TRPOR_noise0.7 (Median Max: 614.7070)
Rank 19: TRPOR_noise0.9 (Median Max: 599.6919)
Rank 20: TRPOR_noise0.6 (Median Max: 591.2534)
Rank 21: TRPO_noise0.7 (Median Max: 557.4068)
Rank 22: TRPO_noise0.8 (Median Max: 461.6079)
Rank 23: TRPO_noise0.9 (Median Max: 368.4386)
Rank 24: TRPO_noise1.0 (Median Max: 332.1268)
Rank 25: TRPOR_noise1.0 (Median Max: 321.3387)
Generating report for swimmer-v5 in assets/swimmer-v5_ts1000000_runs100...
Generating report for experiments in assets/swimmer-v5_ts1000000_runs100 on environment swimmer-v5...
Found variants: 25
Model Performance Report for swimmer-v5:
Ranked by average AUC of episode reward curve:
Rank 1: TRPOR_noise-0.2
  Average Step Reward: 0.0879 (± 0.0013)
  Average Max Step Reward: 2.2823 (± 0.1828)
  Sample Efficiency - Average Timestep at Max Step Reward (%): 2.79% (± 1.40%)
  Average Episode Reward: 87.8772 (± 1.2503)
  Average Max Episode Reward: 124.2626 (± 0.7133)
  Median Max Episode Reward: 124.2626
  Sample Efficiency - Average Timestep at Max Episode Reward (%): 86.40% (± 4.80%)
  Average AUC Episode Reward: 86657544.8160 (± 1577536.0480)
  Average Final Episode Reward (last 20% timesteps): 118.1798 (± 0.7592)
  Average Inference Mean Reward: 123.2191 (± 0.3094)
  Average Inference Std Reward: 1.8773
  Inference Stability (mean/std): 65.6371

Rank 2: TRPOR
  Average Step Reward: 0.0845 (± 0.0068)
  Average Max Step Reward: 2.5035 (± 0.3019)
  Sample Efficiency - Average Timestep at Max Step Reward (%): 10.91% (± 17.07%)
  Average Episode Reward: 84.5433 (± 6.8410)
  Average Max Episode Reward: 125.1929 (± 5.6229)
  Median Max Episode Reward: 126.0870
  Sample Efficiency - Average Timestep at Max Episode Reward (%): 94.19% (± 8.05%)
  Average AUC Episode Reward: 83619820.0409 (± 6778208.1788)
  Average Final Episode Reward (last 20% timesteps): 118.2281 (± 6.9936)
  Average Inference Mean Reward: 122.6734 (± 6.4109)
  Average Inference Std Reward: 2.3488
  Inference Stability (mean/std): 52.2281

Rank 3: TRPOR_noise0.1
  Average Step Reward: 0.0833 (± 0.0050)
  Average Max Step Reward: 2.4177 (± 0.2934)
  Sample Efficiency - Average Timestep at Max Step Reward (%): 13.35% (± 20.67%)
  Average Episode Reward: 83.3070 (± 4.9505)
  Average Max Episode Reward: 123.4959 (± 2.6909)
  Median Max Episode Reward: 123.7685
  Sample Efficiency - Average Timestep at Max Episode Reward (%): 96.00% (± 4.05%)
  Average AUC Episode Reward: 82339994.2765 (± 5046385.6855)
  Average Final Episode Reward (last 20% timesteps): 116.9613 (± 3.7455)
  Average Inference Mean Reward: 121.0024 (± 3.2483)
  Average Inference Std Reward: 2.7408
  Inference Stability (mean/std): 44.1483

Rank 4: TRPOR_noise-0.1
  Average Step Reward: 0.0814 (± 0.0040)
  Average Max Step Reward: 2.3851 (± 0.0449)
  Sample Efficiency - Average Timestep at Max Step Reward (%): 1.04% (± 0.52%)
  Average Episode Reward: 81.4142 (± 3.9597)
  Average Max Episode Reward: 123.6674 (± 2.6467)
  Median Max Episode Reward: 123.6674
  Sample Efficiency - Average Timestep at Max Episode Reward (%): 98.80% (± 1.20%)
  Average AUC Episode Reward: 80126374.1080 (± 4033519.4520)
  Average Final Episode Reward (last 20% timesteps): 117.3859 (± 3.6602)
  Average Inference Mean Reward: 121.4937 (± 3.7597)
  Average Inference Std Reward: 2.2392
  Inference Stability (mean/std): 54.2581

Rank 5: TRPOR_noise0.2
  Average Step Reward: 0.0807 (± 0.0061)
  Average Max Step Reward: 2.4398 (± 0.2856)
  Sample Efficiency - Average Timestep at Max Step Reward (%): 13.32% (± 19.51%)
  Average Episode Reward: 80.7145 (± 6.1293)
  Average Max Episode Reward: 121.1106 (± 3.2471)
  Median Max Episode Reward: 121.5987
  Sample Efficiency - Average Timestep at Max Episode Reward (%): 94.05% (± 6.02%)
  Average AUC Episode Reward: 79742680.0400 (± 6106132.1199)
  Average Final Episode Reward (last 20% timesteps): 113.0969 (± 11.1762)
  Average Inference Mean Reward: 117.5150 (± 11.1981)
  Average Inference Std Reward: 2.5243
  Inference Stability (mean/std): 46.5535

Rank 6: TRPOR_noise0.4
  Average Step Reward: 0.0772 (± 0.0039)
  Average Max Step Reward: 2.4051 (± 0.1577)
  Sample Efficiency - Average Timestep at Max Step Reward (%): 14.22% (± 13.81%)
  Average Episode Reward: 77.1678 (± 3.9437)
  Average Max Episode Reward: 117.1681 (± 1.8757)
  Median Max Episode Reward: 117.1681
  Sample Efficiency - Average Timestep at Max Episode Reward (%): 99.60% (± 0.40%)
  Average AUC Episode Reward: 76170777.6520 (± 3987322.2040)
  Average Final Episode Reward (last 20% timesteps): 110.6910 (± 1.9646)
  Average Inference Mean Reward: 114.2077 (± 2.0500)
  Average Inference Std Reward: 2.8128
  Inference Stability (mean/std): 40.6022

Rank 7: TRPOR_noise-0.3
  Average Step Reward: 0.0735 (± 0.0046)
  Average Max Step Reward: 2.3666 (± 0.0073)
  Sample Efficiency - Average Timestep at Max Step Reward (%): 19.87% (± 19.35%)
  Average Episode Reward: 73.4709 (± 4.5718)
  Average Max Episode Reward: 114.1717 (± 0.4509)
  Median Max Episode Reward: 114.1717
  Sample Efficiency - Average Timestep at Max Episode Reward (%): 95.60% (± 0.40%)
  Average AUC Episode Reward: 72638448.1160 (± 4915327.2520)
  Average Final Episode Reward (last 20% timesteps): 106.8641 (± 0.9503)
  Average Inference Mean Reward: 112.9646 (± 0.1911)
  Average Inference Std Reward: 2.4955
  Inference Stability (mean/std): 45.2682

Rank 8: TRPOR_noise0.5
  Average Step Reward: 0.0707 (± 0.0036)
  Average Max Step Reward: 2.2522 (± 0.0292)
  Sample Efficiency - Average Timestep at Max Step Reward (%): 0.64% (± 0.15%)
  Average Episode Reward: 70.6932 (± 3.6311)
  Average Max Episode Reward: 112.5587 (± 0.8244)
  Median Max Episode Reward: 112.5587
  Sample Efficiency - Average Timestep at Max Episode Reward (%): 86.80% (± 0.40%)
  Average AUC Episode Reward: 69856275.4520 (± 3456901.7320)
  Average Final Episode Reward (last 20% timesteps): 98.7740 (± 5.3472)
  Average Inference Mean Reward: 109.7520 (± 0.8617)
  Average Inference Std Reward: 2.8448
  Inference Stability (mean/std): 38.5795

Rank 9: TRPOR_noise0.7
  Average Step Reward: 0.0693 (± 0.0014)
  Average Max Step Reward: 2.5821 (± 0.4979)
  Sample Efficiency - Average Timestep at Max Step Reward (%): 17.33% (± 16.59%)
  Average Episode Reward: 69.3371 (± 1.3958)
  Average Max Episode Reward: 107.5543 (± 0.0030)
  Median Max Episode Reward: 107.5543
  Sample Efficiency - Average Timestep at Max Episode Reward (%): 96.00% (± 0.80%)
  Average AUC Episode Reward: 68637305.2040 (± 1280335.2440)
  Average Final Episode Reward (last 20% timesteps): 98.0876 (± 0.5540)
  Average Inference Mean Reward: 103.2304 (± 0.0644)
  Average Inference Std Reward: 3.0608
  Inference Stability (mean/std): 33.7261

Rank 10: TRPOR_noise0.3
  Average Step Reward: 0.0686 (± 0.0070)
  Average Max Step Reward: 2.6240 (± 0.1313)
  Sample Efficiency - Average Timestep at Max Step Reward (%): 17.36% (± 15.04%)
  Average Episode Reward: 68.6187 (± 6.9778)
  Average Max Episode Reward: 114.5383 (± 5.8796)
  Median Max Episode Reward: 114.5383
  Sample Efficiency - Average Timestep at Max Episode Reward (%): 90.80% (± 3.60%)
  Average AUC Episode Reward: 67617975.5800 (± 7484386.8360)
  Average Final Episode Reward (last 20% timesteps): 93.6839 (± 11.4155)
  Average Inference Mean Reward: 112.4619 (± 3.0906)
  Average Inference Std Reward: 2.2307
  Inference Stability (mean/std): 50.4159

Rank 11: TRPOR_noise0.6
  Average Step Reward: 0.0673 (± 0.0078)
  Average Max Step Reward: 2.3060 (± 0.0001)
  Sample Efficiency - Average Timestep at Max Step Reward (%): 28.85% (± 27.62%)
  Average Episode Reward: 67.3188 (± 7.7864)
  Average Max Episode Reward: 107.7125 (± 6.0463)
  Median Max Episode Reward: 107.7125
  Sample Efficiency - Average Timestep at Max Episode Reward (%): 95.60% (± 1.20%)
  Average AUC Episode Reward: 66506997.0880 (± 7686232.9840)
  Average Final Episode Reward (last 20% timesteps): 95.9492 (± 6.6302)
  Average Inference Mean Reward: 102.8622 (± 4.1000)
  Average Inference Std Reward: 7.5751
  Inference Stability (mean/std): 13.5789

Rank 12: TRPO
  Average Step Reward: 0.0656 (± 0.0033)
  Average Max Step Reward: 2.5624 (± 0.2422)
  Sample Efficiency - Average Timestep at Max Step Reward (%): 16.57% (± 26.68%)
  Average Episode Reward: 65.9152 (± 3.3271)
  Average Max Episode Reward: 113.9240 (± 4.3013)
  Median Max Episode Reward: 114.0464
  Sample Efficiency - Average Timestep at Max Episode Reward (%): 98.98% (± 2.10%)
  Average AUC Episode Reward: 65556588.0594 (± 3270410.6223)
  Average Final Episode Reward (last 20% timesteps): 105.0795 (± 4.5211)
  Average Inference Mean Reward: 113.0161 (± 15.6287)
  Average Inference Std Reward: 2.6851
  Inference Stability (mean/std): 42.0898

Rank 13: TRPO_noise0.1
  Average Step Reward: 0.0636 (± 0.0030)
  Average Max Step Reward: 2.5294 (± 0.2562)
  Sample Efficiency - Average Timestep at Max Step Reward (%): 14.64% (± 27.39%)
  Average Episode Reward: 63.9436 (± 3.0388)
  Average Max Episode Reward: 111.2431 (± 4.2935)
  Median Max Episode Reward: 111.5695
  Sample Efficiency - Average Timestep at Max Episode Reward (%): 98.38% (± 2.75%)
  Average AUC Episode Reward: 63587710.3699 (± 3114297.5307)
  Average Final Episode Reward (last 20% timesteps): 102.3147 (± 4.6808)
  Average Inference Mean Reward: 112.2746 (± 3.6498)
  Average Inference Std Reward: 2.4890
  Inference Stability (mean/std): 45.1092

Rank 14: TRPO_noise0.2
  Average Step Reward: 0.0618 (± 0.0032)
  Average Max Step Reward: 2.4738 (± 0.2404)
  Sample Efficiency - Average Timestep at Max Step Reward (%): 15.14% (± 25.17%)
  Average Episode Reward: 62.1172 (± 3.2138)
  Average Max Episode Reward: 108.4595 (± 3.9478)
  Median Max Episode Reward: 108.5001
  Sample Efficiency - Average Timestep at Max Episode Reward (%): 98.85% (± 2.09%)
  Average AUC Episode Reward: 61791173.2521 (± 3213933.6975)
  Average Final Episode Reward (last 20% timesteps): 99.4120 (± 4.1995)
  Average Inference Mean Reward: 109.5715 (± 3.3070)
  Average Inference Std Reward: 2.7317
  Inference Stability (mean/std): 40.1111

Rank 15: TRPO_noise0.3
  Average Step Reward: 0.0601 (± 0.0003)
  Average Max Step Reward: 2.5827 (± 0.0124)
  Sample Efficiency - Average Timestep at Max Step Reward (%): 25.28% (± 23.06%)
  Average Episode Reward: 60.0801 (± 0.3483)
  Average Max Episode Reward: 105.6342 (± 2.4868)
  Median Max Episode Reward: 105.6342
  Sample Efficiency - Average Timestep at Max Episode Reward (%): 98.80% (± 0.40%)
  Average AUC Episode Reward: 59140151.1680 (± 417125.7440)
  Average Final Episode Reward (last 20% timesteps): 96.4955 (± 3.0709)
  Average Inference Mean Reward: 0.0000 (± 0.0000)
  Average Inference Std Reward: 0.0000
  Inference Stability (mean/std): 0.0000

Rank 16: TRPO_noise0.5
  Average Step Reward: 0.0578 (± 0.0032)
  Average Max Step Reward: 2.4790 (± 0.0307)
  Sample Efficiency - Average Timestep at Max Step Reward (%): 0.74% (± 0.00%)
  Average Episode Reward: 58.0918 (± 3.2025)
  Average Max Episode Reward: 102.4684 (± 5.3049)
  Median Max Episode Reward: 102.4684
  Sample Efficiency - Average Timestep at Max Episode Reward (%): 98.00% (± 2.00%)
  Average AUC Episode Reward: 57789860.1320 (± 3800668.1960)
  Average Final Episode Reward (last 20% timesteps): 93.3063 (± 5.5799)
  Average Inference Mean Reward: 104.9445 (± 2.4314)
  Average Inference Std Reward: 2.8424
  Inference Stability (mean/std): 36.9205

Rank 17: TRPO_noise0.4
  Average Step Reward: 0.0562 (± 0.0024)
  Average Max Step Reward: 2.3697 (± 0.0271)
  Sample Efficiency - Average Timestep at Max Step Reward (%): 2.66% (± 1.98%)
  Average Episode Reward: 56.5070 (± 2.3825)
  Average Max Episode Reward: 99.4584 (± 1.1225)
  Median Max Episode Reward: 99.4584
  Sample Efficiency - Average Timestep at Max Episode Reward (%): 98.00% (± 2.00%)
  Average AUC Episode Reward: 56270732.5160 (± 2662541.2040)
  Average Final Episode Reward (last 20% timesteps): 89.8562 (± 4.3803)
  Average Inference Mean Reward: 99.6061 (± 2.8173)
  Average Inference Std Reward: 2.4265
  Inference Stability (mean/std): 41.0491

Rank 18: TRPOR_noise0.8
  Average Step Reward: 0.0571 (± 0.0046)
  Average Max Step Reward: 2.2432 (± 0.1018)
  Sample Efficiency - Average Timestep at Max Step Reward (%): 1.48% (± 0.12%)
  Average Episode Reward: 57.1225 (± 4.5900)
  Average Max Episode Reward: 93.2556 (± 8.5974)
  Median Max Episode Reward: 93.2556
  Sample Efficiency - Average Timestep at Max Episode Reward (%): 96.80% (± 2.40%)
  Average AUC Episode Reward: 56036806.4000 (± 4597373.4320)
  Average Final Episode Reward (last 20% timesteps): 83.9713 (± 8.5011)
  Average Inference Mean Reward: 90.6054 (± 7.6853)
  Average Inference Std Reward: 2.8647
  Inference Stability (mean/std): 31.6283

Rank 19: TRPOR_noise0.9
  Average Step Reward: 0.0557 (± 0.0005)
  Average Max Step Reward: 2.3954 (± 0.0879)
  Sample Efficiency - Average Timestep at Max Step Reward (%): 30.24% (± 28.81%)
  Average Episode Reward: 55.6675 (± 0.5406)
  Average Max Episode Reward: 93.1272 (± 0.3353)
  Median Max Episode Reward: 93.1272
  Sample Efficiency - Average Timestep at Max Episode Reward (%): 97.20% (± 2.80%)
  Average AUC Episode Reward: 54623786.3160 (± 17512.1880)
  Average Final Episode Reward (last 20% timesteps): 82.5037 (± 0.5153)
  Average Inference Mean Reward: 89.7276 (± 1.0272)
  Average Inference Std Reward: 6.1800
  Inference Stability (mean/std): 14.5191

Rank 20: TRPO_noise0.6
  Average Step Reward: 0.0513 (± 0.0003)
  Average Max Step Reward: 2.4559 (± 0.0840)
  Sample Efficiency - Average Timestep at Max Step Reward (%): 0.93% (± 0.16%)
  Average Episode Reward: 51.5985 (± 0.2779)
  Average Max Episode Reward: 91.0044 (± 2.0566)
  Median Max Episode Reward: 91.0044
  Sample Efficiency - Average Timestep at Max Episode Reward (%): 100.40% (± 0.40%)
  Average AUC Episode Reward: 51717814.3200 (± 723618.9680)
  Average Final Episode Reward (last 20% timesteps): 80.1336 (± 1.0514)
  Average Inference Mean Reward: 90.5636 (± 2.3240)
  Average Inference Std Reward: 3.0809
  Inference Stability (mean/std): 29.3955

Rank 21: TRPO_noise0.7
  Average Step Reward: 0.0508 (± 0.0001)
  Average Max Step Reward: 2.4293 (± 0.1397)
  Sample Efficiency - Average Timestep at Max Step Reward (%): 0.55% (± 0.14%)
  Average Episode Reward: 51.0632 (± 0.0784)
  Average Max Episode Reward: 89.3626 (± 0.7969)
  Median Max Episode Reward: 89.3626
  Sample Efficiency - Average Timestep at Max Episode Reward (%): 97.20% (± 3.60%)
  Average AUC Episode Reward: 50844470.8520 (± 263751.2280)
  Average Final Episode Reward (last 20% timesteps): 79.6387 (± 0.5944)
  Average Inference Mean Reward: 89.6531 (± 0.3315)
  Average Inference Std Reward: 2.9864
  Inference Stability (mean/std): 30.0207

Rank 22: TRPOR_noise1.0
  Average Step Reward: 0.0507 (± 0.0046)
  Average Max Step Reward: 2.5758 (± 0.3344)
  Sample Efficiency - Average Timestep at Max Step Reward (%): 25.85% (± 30.06%)
  Average Episode Reward: 50.6542 (± 4.6191)
  Average Max Episode Reward: 84.4936 (± 8.1431)
  Median Max Episode Reward: 84.6384
  Sample Efficiency - Average Timestep at Max Episode Reward (%): 98.08% (± 1.87%)
  Average AUC Episode Reward: 50003459.2720 (± 4606484.1352)
  Average Final Episode Reward (last 20% timesteps): 73.4400 (± 9.0661)
  Average Inference Mean Reward: 82.1060 (± 8.0264)
  Average Inference Std Reward: 3.5450
  Inference Stability (mean/std): 23.1609

Rank 23: TRPO_noise0.8
  Average Step Reward: 0.0464 (± 0.0023)
  Average Max Step Reward: 2.4809 (± 0.0563)
  Sample Efficiency - Average Timestep at Max Step Reward (%): 1.93% (± 1.18%)
  Average Episode Reward: 46.6047 (± 2.2946)
  Average Max Episode Reward: 81.3105 (± 6.2848)
  Median Max Episode Reward: 81.3105
  Sample Efficiency - Average Timestep at Max Episode Reward (%): 100.40% (± 0.40%)
  Average AUC Episode Reward: 46406446.3960 (± 2272705.9720)
  Average Final Episode Reward (last 20% timesteps): 71.6421 (± 4.7798)
  Average Inference Mean Reward: 81.8216 (± 7.0183)
  Average Inference Std Reward: 3.9021
  Inference Stability (mean/std): 20.9684

Rank 24: TRPO_noise0.9
  Average Step Reward: 0.0430 (± 0.0014)
  Average Max Step Reward: 2.4976 (± 0.0781)
  Sample Efficiency - Average Timestep at Max Step Reward (%): 1.86% (± 0.40%)
  Average Episode Reward: 43.1770 (± 1.3629)
  Average Max Episode Reward: 75.3019 (± 0.7846)
  Median Max Episode Reward: 75.3019
  Sample Efficiency - Average Timestep at Max Episode Reward (%): 100.00% (± 0.80%)
  Average AUC Episode Reward: 43107424.3800 (± 1754540.7800)
  Average Final Episode Reward (last 20% timesteps): 64.6415 (± 2.1599)
  Average Inference Mean Reward: 73.1496 (± 1.8693)
  Average Inference Std Reward: 3.3678
  Inference Stability (mean/std): 21.7205

Rank 25: TRPO_noise1.0
  Average Step Reward: 0.0408 (± 0.0020)
  Average Max Step Reward: 2.6147 (± 0.2095)
  Sample Efficiency - Average Timestep at Max Step Reward (%): 19.58% (± 33.40%)
  Average Episode Reward: 40.9484 (± 2.0119)
  Average Max Episode Reward: 65.8510 (± 6.9252)
  Median Max Episode Reward: 67.2737
  Sample Efficiency - Average Timestep at Max Episode Reward (%): 98.69% (± 3.56%)
  Average AUC Episode Reward: 40896166.1098 (± 1970032.5162)
  Average Final Episode Reward (last 20% timesteps): 56.0526 (± 5.5583)
  Average Inference Mean Reward: 61.6624 (± 8.7093)
  Average Inference Std Reward: 2.9480
  Inference Stability (mean/std): 20.9169


Alternative Rankings:
Ranked by average AUC of episode reward curve:
Rank 1: TRPOR_noise-0.2 (AUC: 86657544.8160)
Rank 2: TRPOR (AUC: 83619820.0409)
Rank 3: TRPOR_noise0.1 (AUC: 82339994.2765)
Rank 4: TRPOR_noise-0.1 (AUC: 80126374.1080)
Rank 5: TRPOR_noise0.2 (AUC: 79742680.0400)
Rank 6: TRPOR_noise0.4 (AUC: 76170777.6520)
Rank 7: TRPOR_noise-0.3 (AUC: 72638448.1160)
Rank 8: TRPOR_noise0.5 (AUC: 69856275.4520)
Rank 9: TRPOR_noise0.7 (AUC: 68637305.2040)
Rank 10: TRPOR_noise0.3 (AUC: 67617975.5800)
Rank 11: TRPOR_noise0.6 (AUC: 66506997.0880)
Rank 12: TRPO (AUC: 65556588.0594)
Rank 13: TRPO_noise0.1 (AUC: 63587710.3699)
Rank 14: TRPO_noise0.2 (AUC: 61791173.2521)
Rank 15: TRPO_noise0.3 (AUC: 59140151.1680)
Rank 16: TRPO_noise0.5 (AUC: 57789860.1320)
Rank 17: TRPO_noise0.4 (AUC: 56270732.5160)
Rank 18: TRPOR_noise0.8 (AUC: 56036806.4000)
Rank 19: TRPOR_noise0.9 (AUC: 54623786.3160)
Rank 20: TRPO_noise0.6 (AUC: 51717814.3200)
Rank 21: TRPO_noise0.7 (AUC: 50844470.8520)
Rank 22: TRPOR_noise1.0 (AUC: 50003459.2720)
Rank 23: TRPO_noise0.8 (AUC: 46406446.3960)
Rank 24: TRPO_noise0.9 (AUC: 43107424.3800)
Rank 25: TRPO_noise1.0 (AUC: 40896166.1098)

Ranked by average final episode reward (last 20% timesteps):
Rank 1: TRPOR (Final Avg: 118.2281)
Rank 2: TRPOR_noise-0.2 (Final Avg: 118.1798)
Rank 3: TRPOR_noise-0.1 (Final Avg: 117.3859)
Rank 4: TRPOR_noise0.1 (Final Avg: 116.9613)
Rank 5: TRPOR_noise0.2 (Final Avg: 113.0969)
Rank 6: TRPOR_noise0.4 (Final Avg: 110.6910)
Rank 7: TRPOR_noise-0.3 (Final Avg: 106.8641)
Rank 8: TRPO (Final Avg: 105.0795)
Rank 9: TRPO_noise0.1 (Final Avg: 102.3147)
Rank 10: TRPO_noise0.2 (Final Avg: 99.4120)
Rank 11: TRPOR_noise0.5 (Final Avg: 98.7740)
Rank 12: TRPOR_noise0.7 (Final Avg: 98.0876)
Rank 13: TRPO_noise0.3 (Final Avg: 96.4955)
Rank 14: TRPOR_noise0.6 (Final Avg: 95.9492)
Rank 15: TRPOR_noise0.3 (Final Avg: 93.6839)
Rank 16: TRPO_noise0.5 (Final Avg: 93.3063)
Rank 17: TRPO_noise0.4 (Final Avg: 89.8562)
Rank 18: TRPOR_noise0.8 (Final Avg: 83.9713)
Rank 19: TRPOR_noise0.9 (Final Avg: 82.5037)
Rank 20: TRPO_noise0.6 (Final Avg: 80.1336)
Rank 21: TRPO_noise0.7 (Final Avg: 79.6387)
Rank 22: TRPOR_noise1.0 (Final Avg: 73.4400)
Rank 23: TRPO_noise0.8 (Final Avg: 71.6421)
Rank 24: TRPO_noise0.9 (Final Avg: 64.6415)
Rank 25: TRPO_noise1.0 (Final Avg: 56.0526)

Ranked by median max episode reward:
Rank 1: TRPOR (Median Max: 126.0870)
Rank 2: TRPOR_noise-0.2 (Median Max: 124.2626)
Rank 3: TRPOR_noise0.1 (Median Max: 123.7685)
Rank 4: TRPOR_noise-0.1 (Median Max: 123.6674)
Rank 5: TRPOR_noise0.2 (Median Max: 121.5987)
Rank 6: TRPOR_noise0.4 (Median Max: 117.1681)
Rank 7: TRPOR_noise0.3 (Median Max: 114.5383)
Rank 8: TRPOR_noise-0.3 (Median Max: 114.1717)
Rank 9: TRPO (Median Max: 114.0464)
Rank 10: TRPOR_noise0.5 (Median Max: 112.5587)
Rank 11: TRPO_noise0.1 (Median Max: 111.5695)
Rank 12: TRPO_noise0.2 (Median Max: 108.5001)
Rank 13: TRPOR_noise0.6 (Median Max: 107.7125)
Rank 14: TRPOR_noise0.7 (Median Max: 107.5543)
Rank 15: TRPO_noise0.3 (Median Max: 105.6342)
Rank 16: TRPO_noise0.5 (Median Max: 102.4684)
Rank 17: TRPO_noise0.4 (Median Max: 99.4584)
Rank 18: TRPOR_noise0.8 (Median Max: 93.2556)
Rank 19: TRPOR_noise0.9 (Median Max: 93.1272)
Rank 20: TRPO_noise0.6 (Median Max: 91.0044)
Rank 21: TRPO_noise0.7 (Median Max: 89.3626)
Rank 22: TRPOR_noise1.0 (Median Max: 84.6384)
Rank 23: TRPO_noise0.8 (Median Max: 81.3105)
Rank 24: TRPO_noise0.9 (Median Max: 75.3019)
Rank 25: TRPO_noise1.0 (Median Max: 67.2737)
Generating report for humanoid-v5 in assets/humanoid-v5_ts1000000_runs100...
Generating report for experiments in assets/humanoid-v5_ts1000000_runs100 on environment humanoid-v5...
Found variants: 25
Model Performance Report for humanoid-v5:
Ranked by average AUC of episode reward curve:
Rank 1: TRPO_noise0.3
  Average Step Reward: 4.9318 (± 0.0120)
  Average Max Step Reward: 7.1774 (± 0.1147)
  Sample Efficiency - Average Timestep at Max Step Reward (%): 15.56% (± 5.18%)
  Average Episode Reward: 360.6416 (± 3.8866)
  Average Max Episode Reward: 1244.5252 (± 14.8517)
  Median Max Episode Reward: 1244.5252
  Sample Efficiency - Average Timestep at Max Episode Reward (%): 75.20% (± 17.22%)
  Average AUC Episode Reward: 380135363.6512 (± 4245896.3750)
  Average Final Episode Reward (last 20% timesteps): 439.7810 (± 5.0266)
  Average Inference Mean Reward: 452.5385 (± 37.7124)
  Average Inference Std Reward: 99.3789
  Inference Stability (mean/std): 4.5537

Rank 2: TRPO_noise0.1
  Average Step Reward: 4.9149 (± 0.0483)
  Average Max Step Reward: 7.2791 (± 0.2971)
  Sample Efficiency - Average Timestep at Max Step Reward (%): 64.51% (± 31.45%)
  Average Episode Reward: 358.7572 (± 7.8960)
  Average Max Episode Reward: 1188.1190 (± 131.8032)
  Median Max Episode Reward: 1172.4873
  Sample Efficiency - Average Timestep at Max Episode Reward (%): 72.38% (± 22.68%)
  Average AUC Episode Reward: 378363974.0274 (± 9685741.0781)
  Average Final Episode Reward (last 20% timesteps): 441.3287 (± 20.4926)
  Average Inference Mean Reward: 460.6513 (± 61.4944)
  Average Inference Std Reward: 97.8528
  Inference Stability (mean/std): 4.7076

Rank 3: TRPOR_noise0.2
  Average Step Reward: 4.8829 (± 0.0144)
  Average Max Step Reward: 7.1348 (± 0.1414)
  Sample Efficiency - Average Timestep at Max Step Reward (%): 8.70% (± 1.61%)
  Average Episode Reward: 356.3575 (± 6.5981)
  Average Max Episode Reward: 1152.0066 (± 26.6764)
  Median Max Episode Reward: 1152.0066
  Sample Efficiency - Average Timestep at Max Episode Reward (%): 77.10% (± 15.16%)
  Average AUC Episode Reward: 378330774.8277 (± 6335892.4858)
  Average Final Episode Reward (last 20% timesteps): 426.3907 (± 15.2665)
  Average Inference Mean Reward: 426.3150 (± 44.5857)
  Average Inference Std Reward: 75.7356
  Inference Stability (mean/std): 5.6290

Rank 4: TRPO_noise0.2
  Average Step Reward: 4.9222 (± 0.0545)
  Average Max Step Reward: 7.1830 (± 0.2308)
  Sample Efficiency - Average Timestep at Max Step Reward (%): 66.95% (± 29.83%)
  Average Episode Reward: 358.8152 (± 9.4511)
  Average Max Episode Reward: 1178.1649 (± 126.3839)
  Median Max Episode Reward: 1140.8683
  Sample Efficiency - Average Timestep at Max Episode Reward (%): 75.27% (± 20.09%)
  Average AUC Episode Reward: 377865669.8639 (± 11621024.4767)
  Average Final Episode Reward (last 20% timesteps): 439.1945 (± 20.1924)
  Average Inference Mean Reward: 480.6404 (± 56.9448)
  Average Inference Std Reward: 99.4408
  Inference Stability (mean/std): 4.8334

Rank 5: TRPO
  Average Step Reward: 4.8964 (± 0.0457)
  Average Max Step Reward: 7.3169 (± 0.3444)
  Sample Efficiency - Average Timestep at Max Step Reward (%): 66.99% (± 31.32%)
  Average Episode Reward: 356.5217 (± 8.4079)
  Average Max Episode Reward: 1192.9214 (± 102.2533)
  Median Max Episode Reward: 1187.1912
  Sample Efficiency - Average Timestep at Max Episode Reward (%): 75.50% (± 22.30%)
  Average AUC Episode Reward: 376015517.0419 (± 10103247.3597)
  Average Final Episode Reward (last 20% timesteps): 438.9051 (± 21.8153)
  Average Inference Mean Reward: 459.6693 (± 66.1709)
  Average Inference Std Reward: 85.3710
  Inference Stability (mean/std): 5.3844

Rank 6: TRPOR_noise-0.2
  Average Step Reward: 4.8375 (± 0.0298)
  Average Max Step Reward: 7.0720 (± 0.2100)
  Sample Efficiency - Average Timestep at Max Step Reward (%): 60.58% (± 33.29%)
  Average Episode Reward: 353.4905 (± 0.6862)
  Average Max Episode Reward: 1200.4740 (± 50.0445)
  Median Max Episode Reward: 1200.4740
  Sample Efficiency - Average Timestep at Max Episode Reward (%): 70.52% (± 12.02%)
  Average AUC Episode Reward: 375258655.6108 (± 307178.1432)
  Average Final Episode Reward (last 20% timesteps): 411.6662 (± 5.7601)
  Average Inference Mean Reward: 443.4122 (± 5.1585)
  Average Inference Std Reward: 79.0880
  Inference Stability (mean/std): 5.6066

Rank 7: TRPOR_noise0.1
  Average Step Reward: 4.8478 (± 0.0264)
  Average Max Step Reward: 7.0252 (± 0.1151)
  Sample Efficiency - Average Timestep at Max Step Reward (%): 50.44% (± 34.01%)
  Average Episode Reward: 353.5851 (± 5.1462)
  Average Max Episode Reward: 1148.2938 (± 117.7103)
  Median Max Episode Reward: 1134.5460
  Sample Efficiency - Average Timestep at Max Episode Reward (%): 69.75% (± 22.19%)
  Average AUC Episode Reward: 375118330.5109 (± 6230764.5251)
  Average Final Episode Reward (last 20% timesteps): 418.9228 (± 11.1140)
  Average Inference Mean Reward: 445.5498 (± 52.3024)
  Average Inference Std Reward: 92.7459
  Inference Stability (mean/std): 4.8040

Rank 8: TRPOR_noise-0.1
  Average Step Reward: 4.8350 (± 0.0229)
  Average Max Step Reward: 7.0306 (± 0.0837)
  Sample Efficiency - Average Timestep at Max Step Reward (%): 24.21% (± 12.61%)
  Average Episode Reward: 353.4569 (± 3.9498)
  Average Max Episode Reward: 1158.5044 (± 13.6750)
  Median Max Episode Reward: 1158.5044
  Sample Efficiency - Average Timestep at Max Episode Reward (%): 72.70% (± 5.26%)
  Average AUC Episode Reward: 374611647.2923 (± 5038261.0542)
  Average Final Episode Reward (last 20% timesteps): 415.5662 (± 5.1541)
  Average Inference Mean Reward: 399.6740 (± 19.9860)
  Average Inference Std Reward: 111.7791
  Inference Stability (mean/std): 3.5756

Rank 9: TRPOR_noise0.3
  Average Step Reward: 4.8327 (± 0.0029)
  Average Max Step Reward: 6.8777 (± 0.0278)
  Sample Efficiency - Average Timestep at Max Step Reward (%): 76.53% (± 11.38%)
  Average Episode Reward: 350.7727 (± 4.7906)
  Average Max Episode Reward: 1068.0252 (± 16.7700)
  Median Max Episode Reward: 1068.0252
  Sample Efficiency - Average Timestep at Max Episode Reward (%): 88.97% (± 7.21%)
  Average AUC Episode Reward: 372714809.2338 (± 5686071.5925)
  Average Final Episode Reward (last 20% timesteps): 409.4537 (± 5.4778)
  Average Inference Mean Reward: 468.0578 (± 19.7887)
  Average Inference Std Reward: 119.1622
  Inference Stability (mean/std): 3.9279

Rank 10: TRPOR
  Average Step Reward: 4.8329 (± 0.0248)
  Average Max Step Reward: 7.0544 (± 0.1163)
  Sample Efficiency - Average Timestep at Max Step Reward (%): 41.42% (± 33.18%)
  Average Episode Reward: 350.1241 (± 4.3766)
  Average Max Episode Reward: 1171.2459 (± 114.6389)
  Median Max Episode Reward: 1151.7770
  Sample Efficiency - Average Timestep at Max Episode Reward (%): 69.26% (± 22.30%)
  Average AUC Episode Reward: 371694564.8444 (± 5142286.5943)
  Average Final Episode Reward (last 20% timesteps): 415.1476 (± 10.1518)
  Average Inference Mean Reward: 431.6461 (± 63.1148)
  Average Inference Std Reward: 84.2146
  Inference Stability (mean/std): 5.1256

Rank 11: TRPOR_noise-0.3
  Average Step Reward: 4.8546 (± 0.0124)
  Average Max Step Reward: 7.0265 (± 0.0609)
  Sample Efficiency - Average Timestep at Max Step Reward (%): 55.55% (± 18.96%)
  Average Episode Reward: 351.6808 (± 1.1996)
  Average Max Episode Reward: 1200.5733 (± 66.8164)
  Median Max Episode Reward: 1200.5733
  Sample Efficiency - Average Timestep at Max Episode Reward (%): 56.05% (± 10.34%)
  Average AUC Episode Reward: 371686665.0315 (± 1083836.5272)
  Average Final Episode Reward (last 20% timesteps): 410.8688 (± 3.0663)
  Average Inference Mean Reward: 455.7770 (± 20.4174)
  Average Inference Std Reward: 107.7923
  Inference Stability (mean/std): 4.2283

Rank 12: TRPO_noise0.4
  Average Step Reward: 4.8797 (± 0.0135)
  Average Max Step Reward: 6.9494 (± 0.0592)
  Sample Efficiency - Average Timestep at Max Step Reward (%): 47.43% (± 25.14%)
  Average Episode Reward: 347.7743 (± 3.4760)
  Average Max Episode Reward: 1238.8030 (± 54.8101)
  Median Max Episode Reward: 1238.8030
  Sample Efficiency - Average Timestep at Max Episode Reward (%): 79.34% (± 19.73%)
  Average AUC Episode Reward: 366349937.9251 (± 4207833.0545)
  Average Final Episode Reward (last 20% timesteps): 408.8883 (± 6.1814)
  Average Inference Mean Reward: 402.6666 (± 17.9643)
  Average Inference Std Reward: 93.9561
  Inference Stability (mean/std): 4.2857

Rank 13: TRPOR_noise0.4
  Average Step Reward: 4.8551 (± 0.0032)
  Average Max Step Reward: 6.9808 (± 0.0453)
  Sample Efficiency - Average Timestep at Max Step Reward (%): 57.20% (± 33.97%)
  Average Episode Reward: 343.4057 (± 1.7573)
  Average Max Episode Reward: 1139.8127 (± 76.4368)
  Median Max Episode Reward: 1139.8127
  Sample Efficiency - Average Timestep at Max Episode Reward (%): 46.02% (± 7.77%)
  Average AUC Episode Reward: 365200300.3168 (± 677291.1342)
  Average Final Episode Reward (last 20% timesteps): 400.5624 (± 0.3872)
  Average Inference Mean Reward: 441.4601 (± 6.2191)
  Average Inference Std Reward: 86.7555
  Inference Stability (mean/std): 5.0886

Rank 14: TRPOR_noise0.5
  Average Step Reward: 4.8441 (± 0.0226)
  Average Max Step Reward: 7.0536 (± 0.1522)
  Sample Efficiency - Average Timestep at Max Step Reward (%): 36.12% (± 24.91%)
  Average Episode Reward: 335.7452 (± 4.1368)
  Average Max Episode Reward: 1209.8949 (± 56.0050)
  Median Max Episode Reward: 1209.8949
  Sample Efficiency - Average Timestep at Max Episode Reward (%): 40.60% (± 10.03%)
  Average AUC Episode Reward: 357689521.9011 (± 4395904.5328)
  Average Final Episode Reward (last 20% timesteps): 392.9317 (± 8.0365)
  Average Inference Mean Reward: 433.6086 (± 14.3198)
  Average Inference Std Reward: 87.7082
  Inference Stability (mean/std): 4.9438

Rank 15: TRPO_noise0.5
  Average Step Reward: 4.9110 (± 0.0058)
  Average Max Step Reward: 6.9535 (± 0.0389)
  Sample Efficiency - Average Timestep at Max Step Reward (%): 15.59% (± 0.58%)
  Average Episode Reward: 334.6470 (± 2.7932)
  Average Max Episode Reward: 1093.0709 (± 62.8578)
  Median Max Episode Reward: 1093.0709
  Sample Efficiency - Average Timestep at Max Episode Reward (%): 97.45% (± 2.16%)
  Average AUC Episode Reward: 352198362.6291 (± 2691460.4164)
  Average Final Episode Reward (last 20% timesteps): 399.7774 (± 4.3404)
  Average Inference Mean Reward: 414.3369 (± 5.2690)
  Average Inference Std Reward: 89.0358
  Inference Stability (mean/std): 4.6536

Rank 16: TRPOR_noise0.6
  Average Step Reward: 4.8182 (± 0.0037)
  Average Max Step Reward: 7.1117 (± 0.2098)
  Sample Efficiency - Average Timestep at Max Step Reward (%): 10.57% (± 0.39%)
  Average Episode Reward: 319.4813 (± 0.4915)
  Average Max Episode Reward: 1096.7446 (± 6.2855)
  Median Max Episode Reward: 1096.7446
  Sample Efficiency - Average Timestep at Max Episode Reward (%): 65.06% (± 10.02%)
  Average AUC Episode Reward: 342068462.1124 (± 354178.8202)
  Average Final Episode Reward (last 20% timesteps): 376.6729 (± 2.7672)
  Average Inference Mean Reward: 403.3858 (± 4.1800)
  Average Inference Std Reward: 89.4438
  Inference Stability (mean/std): 4.5099

Rank 17: TRPO_noise0.6
  Average Step Reward: 4.8323 (± 0.0004)
  Average Max Step Reward: 7.0423 (± 0.0212)
  Sample Efficiency - Average Timestep at Max Step Reward (%): 27.21% (± 8.31%)
  Average Episode Reward: 317.0372 (± 0.0485)
  Average Max Episode Reward: 1107.2933 (± 10.6445)
  Median Max Episode Reward: 1107.2933
  Sample Efficiency - Average Timestep at Max Episode Reward (%): 97.62% (± 2.72%)
  Average AUC Episode Reward: 336392418.1505 (± 166119.1900)
  Average Final Episode Reward (last 20% timesteps): 380.2275 (± 2.0056)
  Average Inference Mean Reward: 409.0489 (± 11.1134)
  Average Inference Std Reward: 97.0735
  Inference Stability (mean/std): 4.2138

Rank 18: TRPO_noise0.7
  Average Step Reward: 4.8290 (± 0.0100)
  Average Max Step Reward: 7.0579 (± 0.0491)
  Sample Efficiency - Average Timestep at Max Step Reward (%): 40.47% (± 17.49%)
  Average Episode Reward: 297.5317 (± 1.3986)
  Average Max Episode Reward: 1072.6722 (± 131.3692)
  Median Max Episode Reward: 1072.6722
  Sample Efficiency - Average Timestep at Max Episode Reward (%): 66.61% (± 5.09%)
  Average AUC Episode Reward: 318138239.2175 (± 2974888.1297)
  Average Final Episode Reward (last 20% timesteps): 356.6315 (± 3.4063)
  Average Inference Mean Reward: 377.6431 (± 10.4610)
  Average Inference Std Reward: 77.9684
  Inference Stability (mean/std): 4.8435

Rank 19: TRPOR_noise0.7
  Average Step Reward: 4.7989 (± 0.0020)
  Average Max Step Reward: 7.0788 (± 0.0304)
  Sample Efficiency - Average Timestep at Max Step Reward (%): 34.19% (± 11.10%)
  Average Episode Reward: 295.8082 (± 2.1848)
  Average Max Episode Reward: 989.1771 (± 86.1060)
  Median Max Episode Reward: 989.1771
  Sample Efficiency - Average Timestep at Max Episode Reward (%): 80.17% (± 18.10%)
  Average AUC Episode Reward: 316256143.1498 (± 2237435.7499)
  Average Final Episode Reward (last 20% timesteps): 351.5547 (± 3.2248)
  Average Inference Mean Reward: 373.0204 (± 3.7982)
  Average Inference Std Reward: 86.5975
  Inference Stability (mean/std): 4.3075

Rank 20: TRPO_noise0.8
  Average Step Reward: 4.7935 (± 0.0122)
  Average Max Step Reward: 7.1675 (± 0.0130)
  Sample Efficiency - Average Timestep at Max Step Reward (%): 74.13% (± 6.57%)
  Average Episode Reward: 273.7782 (± 4.1580)
  Average Max Episode Reward: 1105.6186 (± 111.7824)
  Median Max Episode Reward: 1105.6186
  Sample Efficiency - Average Timestep at Max Episode Reward (%): 76.51% (± 4.58%)
  Average AUC Episode Reward: 291662362.2636 (± 3359490.8771)
  Average Final Episode Reward (last 20% timesteps): 329.9267 (± 4.8778)
  Average Inference Mean Reward: 353.8972 (± 10.5615)
  Average Inference Std Reward: 79.4720
  Inference Stability (mean/std): 4.4531

Rank 21: TRPOR_noise0.8
  Average Step Reward: 4.7683 (± 0.0058)
  Average Max Step Reward: 7.1231 (± 0.0570)
  Sample Efficiency - Average Timestep at Max Step Reward (%): 58.47% (± 6.54%)
  Average Episode Reward: 269.7502 (± 0.3446)
  Average Max Episode Reward: 892.8476 (± 69.1697)
  Median Max Episode Reward: 892.8476
  Sample Efficiency - Average Timestep at Max Episode Reward (%): 62.91% (± 10.27%)
  Average AUC Episode Reward: 289975313.9881 (± 586505.7043)
  Average Final Episode Reward (last 20% timesteps): 326.7359 (± 0.2168)
  Average Inference Mean Reward: 338.1359 (± 2.7746)
  Average Inference Std Reward: 85.1718
  Inference Stability (mean/std): 3.9700

Rank 22: TRPOR_noise0.9
  Average Step Reward: 4.7016 (± 0.0016)
  Average Max Step Reward: 7.0146 (± 0.0550)
  Sample Efficiency - Average Timestep at Max Step Reward (%): 67.46% (± 0.19%)
  Average Episode Reward: 234.3770 (± 0.6742)
  Average Max Episode Reward: 1030.2227 (± 37.9975)
  Median Max Episode Reward: 1030.2227
  Sample Efficiency - Average Timestep at Max Episode Reward (%): 45.56% (± 0.84%)
  Average AUC Episode Reward: 252572807.3459 (± 676040.2437)
  Average Final Episode Reward (last 20% timesteps): 287.8072 (± 0.4929)
  Average Inference Mean Reward: 307.8735 (± 3.3741)
  Average Inference Std Reward: 99.8292
  Inference Stability (mean/std): 3.0840

Rank 23: TRPO_noise0.9
  Average Step Reward: 4.7123 (± 0.0001)
  Average Max Step Reward: 7.1492 (± 0.0225)
  Sample Efficiency - Average Timestep at Max Step Reward (%): 65.90% (± 8.83%)
  Average Episode Reward: 235.8761 (± 0.0046)
  Average Max Episode Reward: 836.3062 (± 61.4187)
  Median Max Episode Reward: 836.3062
  Sample Efficiency - Average Timestep at Max Episode Reward (%): 86.69% (± 4.12%)
  Average AUC Episode Reward: 252366254.1758 (± 589062.8694)
  Average Final Episode Reward (last 20% timesteps): 294.0299 (± 3.3817)
  Average Inference Mean Reward: 302.6461 (± 14.8178)
  Average Inference Std Reward: 93.4582
  Inference Stability (mean/std): 3.2383

Rank 24: TRPO_noise1.0
  Average Step Reward: 4.6864 (± 0.0014)
  Average Max Step Reward: 7.1392 (± 0.0487)
  Sample Efficiency - Average Timestep at Max Step Reward (%): 82.35% (± 2.71%)
  Average Episode Reward: 210.1006 (± 1.7717)
  Average Max Episode Reward: 780.7164 (± 44.0480)
  Median Max Episode Reward: 780.7164
  Sample Efficiency - Average Timestep at Max Episode Reward (%): 66.22% (± 7.27%)
  Average AUC Episode Reward: 223227450.1380 (± 2244856.2955)
  Average Final Episode Reward (last 20% timesteps): 255.2663 (± 1.4994)
  Average Inference Mean Reward: 257.6640 (± 2.3321)
  Average Inference Std Reward: 85.3768
  Inference Stability (mean/std): 3.0180

Rank 25: TRPOR_noise1.0
  Average Step Reward: 4.6640 (± 0.0094)
  Average Max Step Reward: 7.0924 (± 0.0821)
  Sample Efficiency - Average Timestep at Max Step Reward (%): 50.36% (± 5.54%)
  Average Episode Reward: 207.1509 (± 2.0982)
  Average Max Episode Reward: 721.5415 (± 4.9789)
  Median Max Episode Reward: 721.5415
  Sample Efficiency - Average Timestep at Max Episode Reward (%): 87.42% (± 9.70%)
  Average AUC Episode Reward: 220805836.0763 (± 2132856.5440)
  Average Final Episode Reward (last 20% timesteps): 254.4674 (± 1.8300)
  Average Inference Mean Reward: 268.0539 (± 1.3775)
  Average Inference Std Reward: 86.3775
  Inference Stability (mean/std): 3.1033


Alternative Rankings:
Ranked by average AUC of episode reward curve:
Rank 1: TRPO_noise0.3 (AUC: 380135363.6512)
Rank 2: TRPO_noise0.1 (AUC: 378363974.0274)
Rank 3: TRPOR_noise0.2 (AUC: 378330774.8277)
Rank 4: TRPO_noise0.2 (AUC: 377865669.8639)
Rank 5: TRPO (AUC: 376015517.0419)
Rank 6: TRPOR_noise-0.2 (AUC: 375258655.6108)
Rank 7: TRPOR_noise0.1 (AUC: 375118330.5109)
Rank 8: TRPOR_noise-0.1 (AUC: 374611647.2923)
Rank 9: TRPOR_noise0.3 (AUC: 372714809.2338)
Rank 10: TRPOR (AUC: 371694564.8444)
Rank 11: TRPOR_noise-0.3 (AUC: 371686665.0315)
Rank 12: TRPO_noise0.4 (AUC: 366349937.9251)
Rank 13: TRPOR_noise0.4 (AUC: 365200300.3168)
Rank 14: TRPOR_noise0.5 (AUC: 357689521.9011)
Rank 15: TRPO_noise0.5 (AUC: 352198362.6291)
Rank 16: TRPOR_noise0.6 (AUC: 342068462.1124)
Rank 17: TRPO_noise0.6 (AUC: 336392418.1505)
Rank 18: TRPO_noise0.7 (AUC: 318138239.2175)
Rank 19: TRPOR_noise0.7 (AUC: 316256143.1498)
Rank 20: TRPO_noise0.8 (AUC: 291662362.2636)
Rank 21: TRPOR_noise0.8 (AUC: 289975313.9881)
Rank 22: TRPOR_noise0.9 (AUC: 252572807.3459)
Rank 23: TRPO_noise0.9 (AUC: 252366254.1758)
Rank 24: TRPO_noise1.0 (AUC: 223227450.1380)
Rank 25: TRPOR_noise1.0 (AUC: 220805836.0763)

Ranked by average final episode reward (last 20% timesteps):
Rank 1: TRPO_noise0.1 (Final Avg: 441.3287)
Rank 2: TRPO_noise0.3 (Final Avg: 439.7810)
Rank 3: TRPO_noise0.2 (Final Avg: 439.1945)
Rank 4: TRPO (Final Avg: 438.9051)
Rank 5: TRPOR_noise0.2 (Final Avg: 426.3907)
Rank 6: TRPOR_noise0.1 (Final Avg: 418.9228)
Rank 7: TRPOR_noise-0.1 (Final Avg: 415.5662)
Rank 8: TRPOR (Final Avg: 415.1476)
Rank 9: TRPOR_noise-0.2 (Final Avg: 411.6662)
Rank 10: TRPOR_noise-0.3 (Final Avg: 410.8688)
Rank 11: TRPOR_noise0.3 (Final Avg: 409.4537)
Rank 12: TRPO_noise0.4 (Final Avg: 408.8883)
Rank 13: TRPOR_noise0.4 (Final Avg: 400.5624)
Rank 14: TRPO_noise0.5 (Final Avg: 399.7774)
Rank 15: TRPOR_noise0.5 (Final Avg: 392.9317)
Rank 16: TRPO_noise0.6 (Final Avg: 380.2275)
Rank 17: TRPOR_noise0.6 (Final Avg: 376.6729)
Rank 18: TRPO_noise0.7 (Final Avg: 356.6315)
Rank 19: TRPOR_noise0.7 (Final Avg: 351.5547)
Rank 20: TRPO_noise0.8 (Final Avg: 329.9267)
Rank 21: TRPOR_noise0.8 (Final Avg: 326.7359)
Rank 22: TRPO_noise0.9 (Final Avg: 294.0299)
Rank 23: TRPOR_noise0.9 (Final Avg: 287.8072)
Rank 24: TRPO_noise1.0 (Final Avg: 255.2663)
Rank 25: TRPOR_noise1.0 (Final Avg: 254.4674)

Ranked by median max episode reward:
Rank 1: TRPO_noise0.3 (Median Max: 1244.5252)
Rank 2: TRPO_noise0.4 (Median Max: 1238.8030)
Rank 3: TRPOR_noise0.5 (Median Max: 1209.8949)
Rank 4: TRPOR_noise-0.3 (Median Max: 1200.5733)
Rank 5: TRPOR_noise-0.2 (Median Max: 1200.4740)
Rank 6: TRPO (Median Max: 1187.1912)
Rank 7: TRPO_noise0.1 (Median Max: 1172.4873)
Rank 8: TRPOR_noise-0.1 (Median Max: 1158.5044)
Rank 9: TRPOR_noise0.2 (Median Max: 1152.0066)
Rank 10: TRPOR (Median Max: 1151.7770)
Rank 11: TRPO_noise0.2 (Median Max: 1140.8683)
Rank 12: TRPOR_noise0.4 (Median Max: 1139.8127)
Rank 13: TRPOR_noise0.1 (Median Max: 1134.5460)
Rank 14: TRPO_noise0.6 (Median Max: 1107.2933)
Rank 15: TRPO_noise0.8 (Median Max: 1105.6186)
Rank 16: TRPOR_noise0.6 (Median Max: 1096.7446)
Rank 17: TRPO_noise0.5 (Median Max: 1093.0709)
Rank 18: TRPO_noise0.7 (Median Max: 1072.6722)
Rank 19: TRPOR_noise0.3 (Median Max: 1068.0252)
Rank 20: TRPOR_noise0.9 (Median Max: 1030.2227)
Rank 21: TRPOR_noise0.7 (Median Max: 989.1771)
Rank 22: TRPOR_noise0.8 (Median Max: 892.8476)
Rank 23: TRPO_noise0.9 (Median Max: 836.3062)
Rank 24: TRPO_noise1.0 (Median Max: 780.7164)
Rank 25: TRPOR_noise1.0 (Median Max: 721.5415)
Generating report for hopper-v5 in assets/hopper-v5_ts1000000_runs100...
Generating report for experiments in assets/hopper-v5_ts1000000_runs100 on environment hopper-v5...
Found variants: 25
Model Performance Report for hopper-v5:
Ranked by average AUC of episode reward curve:
Rank 1: TRPO
  Average Step Reward: 3.0108 (± 0.0480)
  Average Max Step Reward: 6.5799 (± 0.2974)
  Sample Efficiency - Average Timestep at Max Step Reward (%): 85.31% (± 11.62%)
  Average Episode Reward: 567.5587 (± 24.2822)
  Average Max Episode Reward: 3553.2769 (± 83.6896)
  Median Max Episode Reward: 3564.5609
  Sample Efficiency - Average Timestep at Max Episode Reward (%): 95.25% (± 5.25%)
  Average AUC Episode Reward: 1181198931.1645 (± 85402115.8830)
  Average Final Episode Reward (last 20% timesteps): 1852.5118 (± 181.7674)
  Average Inference Mean Reward: 3157.6106 (± 713.7947)
  Average Inference Std Reward: 128.9751
  Inference Stability (mean/std): 24.4823

Rank 2: TRPOR_noise-0.1
  Average Step Reward: 3.0608 (± 0.0475)
  Average Max Step Reward: 6.4219 (± 0.2067)
  Sample Efficiency - Average Timestep at Max Step Reward (%): 93.38% (± 6.26%)
  Average Episode Reward: 962.2973 (± 164.4128)
  Average Max Episode Reward: 3298.4671 (± 49.0543)
  Median Max Episode Reward: 3298.4671
  Sample Efficiency - Average Timestep at Max Episode Reward (%): 81.09% (± 18.91%)
  Average AUC Episode Reward: 1177810892.5152 (± 229480562.4193)
  Average Final Episode Reward (last 20% timesteps): 1415.3404 (± 98.6003)
  Average Inference Mean Reward: 923.3273 (± 21.9606)
  Average Inference Std Reward: 45.0211
  Inference Stability (mean/std): 20.5088

Rank 3: TRPO_noise0.1
  Average Step Reward: 2.9788 (± 0.0465)
  Average Max Step Reward: 6.5039 (± 0.2713)
  Sample Efficiency - Average Timestep at Max Step Reward (%): 88.35% (± 12.31%)
  Average Episode Reward: 558.5154 (± 21.8664)
  Average Max Episode Reward: 3505.6253 (± 82.5994)
  Median Max Episode Reward: 3525.8525
  Sample Efficiency - Average Timestep at Max Episode Reward (%): 96.17% (± 5.18%)
  Average AUC Episode Reward: 1156882911.7179 (± 81876511.1168)
  Average Final Episode Reward (last 20% timesteps): 1806.3758 (± 225.4508)
  Average Inference Mean Reward: 3087.1425 (± 614.9202)
  Average Inference Std Reward: 239.1147
  Inference Stability (mean/std): 12.9107

Rank 4: TRPO_noise0.2
  Average Step Reward: 2.9571 (± 0.0452)
  Average Max Step Reward: 6.4821 (± 0.2930)
  Sample Efficiency - Average Timestep at Max Step Reward (%): 89.54% (± 9.96%)
  Average Episode Reward: 551.8791 (± 21.6890)
  Average Max Episode Reward: 3464.6893 (± 88.8953)
  Median Max Episode Reward: 3492.0937
  Sample Efficiency - Average Timestep at Max Episode Reward (%): 94.61% (± 5.58%)
  Average AUC Episode Reward: 1123084964.3571 (± 68632927.9871)
  Average Final Episode Reward (last 20% timesteps): 1718.8477 (± 154.0478)
  Average Inference Mean Reward: 2871.3608 (± 551.6671)
  Average Inference Std Reward: 542.2311
  Inference Stability (mean/std): 5.2955

Rank 5: TRPOR
  Average Step Reward: 3.0848 (± 0.0504)
  Average Max Step Reward: 6.4825 (± 0.3399)
  Sample Efficiency - Average Timestep at Max Step Reward (%): 59.16% (± 25.61%)
  Average Episode Reward: 909.2700 (± 102.3920)
  Average Max Episode Reward: 3261.0324 (± 160.7666)
  Median Max Episode Reward: 3284.0354
  Sample Efficiency - Average Timestep at Max Episode Reward (%): 75.83% (± 18.61%)
  Average AUC Episode Reward: 1086018108.4997 (± 147733361.9315)
  Average Final Episode Reward (last 20% timesteps): 1287.1733 (± 250.7055)
  Average Inference Mean Reward: 2042.3565 (± 1010.8962)
  Average Inference Std Reward: 184.2357
  Inference Stability (mean/std): 11.0856

Rank 6: TRPO_noise0.4
  Average Step Reward: 2.9324 (± 0.0324)
  Average Max Step Reward: 6.3802 (± 0.1157)
  Sample Efficiency - Average Timestep at Max Step Reward (%): 85.48% (± 6.02%)
  Average Episode Reward: 548.9031 (± 9.1298)
  Average Max Episode Reward: 3417.1574 (± 98.0800)
  Median Max Episode Reward: 3417.1574
  Sample Efficiency - Average Timestep at Max Episode Reward (%): 86.68% (± 0.77%)
  Average AUC Episode Reward: 1064416340.8949 (± 26557124.5108)
  Average Final Episode Reward (last 20% timesteps): 1580.8297 (± 27.2698)
  Average Inference Mean Reward: 2656.1183 (± 0.4216)
  Average Inference Std Reward: 855.0794
  Inference Stability (mean/std): 3.1063

Rank 7: TRPOR_noise0.1
  Average Step Reward: 3.0648 (± 0.0461)
  Average Max Step Reward: 6.4450 (± 0.3257)
  Sample Efficiency - Average Timestep at Max Step Reward (%): 60.76% (± 25.77%)
  Average Episode Reward: 894.8271 (± 102.8541)
  Average Max Episode Reward: 3210.7337 (± 289.4212)
  Median Max Episode Reward: 3239.7420
  Sample Efficiency - Average Timestep at Max Episode Reward (%): 77.38% (± 19.04%)
  Average AUC Episode Reward: 1060033612.3139 (± 148398077.5092)
  Average Final Episode Reward (last 20% timesteps): 1241.8714 (± 249.3353)
  Average Inference Mean Reward: 1996.3591 (± 873.1014)
  Average Inference Std Reward: 322.9559
  Inference Stability (mean/std): 6.1815

Rank 8: TRPOR_noise0.2
  Average Step Reward: 3.0359 (± 0.0490)
  Average Max Step Reward: 6.3212 (± 0.2510)
  Sample Efficiency - Average Timestep at Max Step Reward (%): 59.35% (± 24.74%)
  Average Episode Reward: 876.4077 (± 89.9189)
  Average Max Episode Reward: 3182.4424 (± 135.1476)
  Median Max Episode Reward: 3202.8474
  Sample Efficiency - Average Timestep at Max Episode Reward (%): 73.66% (± 19.60%)
  Average AUC Episode Reward: 1036151142.3425 (± 131887438.2908)
  Average Final Episode Reward (last 20% timesteps): 1244.6688 (± 256.4191)
  Average Inference Mean Reward: 2084.2130 (± 765.2205)
  Average Inference Std Reward: 470.1546
  Inference Stability (mean/std): 4.4330

Rank 9: TRPO_noise0.3
  Average Step Reward: 2.8879 (± 0.0093)
  Average Max Step Reward: 6.0695 (± 0.3832)
  Sample Efficiency - Average Timestep at Max Step Reward (%): 86.51% (± 8.39%)
  Average Episode Reward: 520.1453 (± 15.5859)
  Average Max Episode Reward: 3325.0999 (± 26.3989)
  Median Max Episode Reward: 3325.0999
  Sample Efficiency - Average Timestep at Max Episode Reward (%): 93.71% (± 6.15%)
  Average AUC Episode Reward: 1019419047.3820 (± 35894035.7927)
  Average Final Episode Reward (last 20% timesteps): 1678.2543 (± 78.2846)
  Average Inference Mean Reward: 0.0000 (± 0.0000)
  Average Inference Std Reward: 0.0000
  Inference Stability (mean/std): 0.0000

Rank 10: TRPOR_noise-0.3
  Average Step Reward: 3.0074 (± 0.0331)
  Average Max Step Reward: 6.3530 (± 0.1763)
  Sample Efficiency - Average Timestep at Max Step Reward (%): 63.12% (± 18.91%)
  Average Episode Reward: 887.5800 (± 148.8672)
  Average Max Episode Reward: 3054.3922 (± 106.2544)
  Median Max Episode Reward: 3054.3922
  Sample Efficiency - Average Timestep at Max Episode Reward (%): 66.04% (± 0.20%)
  Average AUC Episode Reward: 1013588409.2603 (± 209156844.3502)
  Average Final Episode Reward (last 20% timesteps): 1146.8998 (± 155.9514)
  Average Inference Mean Reward: 1481.3232 (± 246.1233)
  Average Inference Std Reward: 585.6679
  Inference Stability (mean/std): 2.5293

Rank 11: TRPO_noise0.5
  Average Step Reward: 2.8357 (± 0.0637)
  Average Max Step Reward: 6.4274 (± 0.1582)
  Sample Efficiency - Average Timestep at Max Step Reward (%): 79.64% (± 9.14%)
  Average Episode Reward: 503.0098 (± 31.3033)
  Average Max Episode Reward: 3213.0430 (± 114.1719)
  Median Max Episode Reward: 3213.0430
  Sample Efficiency - Average Timestep at Max Episode Reward (%): 100.86% (± 0.43%)
  Average AUC Episode Reward: 954610740.2919 (± 65466182.9930)
  Average Final Episode Reward (last 20% timesteps): 1426.3084 (± 51.3116)
  Average Inference Mean Reward: 2105.8464 (± 488.7777)
  Average Inference Std Reward: 746.1886
  Inference Stability (mean/std): 2.8221

Rank 12: TRPOR_noise0.3
  Average Step Reward: 3.0006 (± 0.0006)
  Average Max Step Reward: 6.2318 (± 0.0237)
  Sample Efficiency - Average Timestep at Max Step Reward (%): 49.10% (± 10.23%)
  Average Episode Reward: 785.2228 (± 42.2742)
  Average Max Episode Reward: 3192.3478 (± 0.1661)
  Median Max Episode Reward: 3192.3478
  Sample Efficiency - Average Timestep at Max Episode Reward (%): 47.51% (± 6.20%)
  Average AUC Episode Reward: 943589998.3077 (± 77465022.3116)
  Average Final Episode Reward (last 20% timesteps): 1081.7061 (± 2.7171)
  Average Inference Mean Reward: 1933.1077 (± 171.0620)
  Average Inference Std Reward: 721.3520
  Inference Stability (mean/std): 2.6798

Rank 13: TRPOR_noise-0.2
  Average Step Reward: 3.0246 (± 0.0133)
  Average Max Step Reward: 6.7990 (± 0.3507)
  Sample Efficiency - Average Timestep at Max Step Reward (%): 70.80% (± 16.33%)
  Average Episode Reward: 830.7112 (± 43.8197)
  Average Max Episode Reward: 3014.5499 (± 53.6923)
  Median Max Episode Reward: 3014.5499
  Sample Efficiency - Average Timestep at Max Episode Reward (%): 77.49% (± 15.86%)
  Average AUC Episode Reward: 919213813.9061 (± 46299956.4079)
  Average Final Episode Reward (last 20% timesteps): 1080.8477 (± 79.1889)
  Average Inference Mean Reward: 1160.7927 (± 189.4361)
  Average Inference Std Reward: 467.3848
  Inference Stability (mean/std): 2.4836

Rank 14: TRPOR_noise0.4
  Average Step Reward: 2.9496 (± 0.0162)
  Average Max Step Reward: 6.1048 (± 0.0031)
  Sample Efficiency - Average Timestep at Max Step Reward (%): 53.80% (± 27.63%)
  Average Episode Reward: 772.6301 (± 61.8622)
  Average Max Episode Reward: 3086.7995 (± 102.9021)
  Median Max Episode Reward: 3086.7995
  Sample Efficiency - Average Timestep at Max Episode Reward (%): 68.36% (± 1.81%)
  Average AUC Episode Reward: 907520413.1202 (± 35644969.7085)
  Average Final Episode Reward (last 20% timesteps): 1065.3328 (± 16.8806)
  Average Inference Mean Reward: 1011.5391 (± 90.0013)
  Average Inference Std Reward: 200.1096
  Inference Stability (mean/std): 5.0549

Rank 15: TRPOR_noise0.8
  Average Step Reward: 2.8185 (± 0.0344)
  Average Max Step Reward: 6.3328 (± 0.0554)
  Sample Efficiency - Average Timestep at Max Step Reward (%): 87.55% (± 11.45%)
  Average Episode Reward: 753.9475 (± 32.8343)
  Average Max Episode Reward: 3026.2447 (± 67.4990)
  Median Max Episode Reward: 3026.2447
  Sample Efficiency - Average Timestep at Max Episode Reward (%): 64.98% (± 2.72%)
  Average AUC Episode Reward: 905137967.9622 (± 61295873.9226)
  Average Final Episode Reward (last 20% timesteps): 1044.7541 (± 0.8029)
  Average Inference Mean Reward: 1509.8368 (± 360.7674)
  Average Inference Std Reward: 703.7650
  Inference Stability (mean/std): 2.1454

Rank 16: TRPO_noise0.6
  Average Step Reward: 2.7638 (± 0.0080)
  Average Max Step Reward: 6.0974 (± 0.0872)
  Sample Efficiency - Average Timestep at Max Step Reward (%): 93.49% (± 0.46%)
  Average Episode Reward: 472.6647 (± 18.8996)
  Average Max Episode Reward: 3096.9725 (± 7.2669)
  Median Max Episode Reward: 3096.9725
  Sample Efficiency - Average Timestep at Max Episode Reward (%): 92.23% (± 1.76%)
  Average AUC Episode Reward: 871807507.1258 (± 61433601.0681)
  Average Final Episode Reward (last 20% timesteps): 1311.1659 (± 156.2895)
  Average Inference Mean Reward: 1796.2728 (± 185.1827)
  Average Inference Std Reward: 799.0474
  Inference Stability (mean/std): 2.2480

Rank 17: TRPO_noise0.7
  Average Step Reward: 2.7887 (± 0.0187)
  Average Max Step Reward: 6.1512 (± 0.0182)
  Sample Efficiency - Average Timestep at Max Step Reward (%): 87.30% (± 7.99%)
  Average Episode Reward: 477.3912 (± 8.5551)
  Average Max Episode Reward: 3231.8801 (± 39.2841)
  Median Max Episode Reward: 3231.8801
  Sample Efficiency - Average Timestep at Max Episode Reward (%): 96.68% (± 0.05%)
  Average AUC Episode Reward: 860348395.8825 (± 14402001.3067)
  Average Final Episode Reward (last 20% timesteps): 1268.6989 (± 58.3507)
  Average Inference Mean Reward: 1835.9755 (± 47.1912)
  Average Inference Std Reward: 913.1238
  Inference Stability (mean/std): 2.0107

Rank 18: TRPO_noise0.8
  Average Step Reward: 2.7565 (± 0.0118)
  Average Max Step Reward: 6.1679 (± 0.0674)
  Sample Efficiency - Average Timestep at Max Step Reward (%): 81.56% (± 16.92%)
  Average Episode Reward: 472.5255 (± 0.6973)
  Average Max Episode Reward: 3162.3259 (± 0.4151)
  Median Max Episode Reward: 3162.3259
  Sample Efficiency - Average Timestep at Max Episode Reward (%): 96.53% (± 3.88%)
  Average AUC Episode Reward: 852716783.3016 (± 14163083.3830)
  Average Final Episode Reward (last 20% timesteps): 1332.4112 (± 43.4360)
  Average Inference Mean Reward: 2138.0950 (± 11.7144)
  Average Inference Std Reward: 906.0503
  Inference Stability (mean/std): 2.3598

Rank 19: TRPOR_noise0.7
  Average Step Reward: 2.8749 (± 0.0270)
  Average Max Step Reward: 6.2447 (± 0.0415)
  Sample Efficiency - Average Timestep at Max Step Reward (%): 35.69% (± 1.30%)
  Average Episode Reward: 716.2888 (± 95.6394)
  Average Max Episode Reward: 2914.2559 (± 163.3336)
  Median Max Episode Reward: 2914.2559
  Sample Efficiency - Average Timestep at Max Episode Reward (%): 90.52% (± 7.38%)
  Average AUC Episode Reward: 839614122.7125 (± 131095072.7938)
  Average Final Episode Reward (last 20% timesteps): 1054.3137 (± 172.6724)
  Average Inference Mean Reward: 1437.1741 (± 453.3893)
  Average Inference Std Reward: 634.4174
  Inference Stability (mean/std): 2.2653

Rank 20: TRPOR_noise0.5
  Average Step Reward: 2.9349 (± 0.0279)
  Average Max Step Reward: 6.2797 (± 0.1216)
  Sample Efficiency - Average Timestep at Max Step Reward (%): 58.18% (± 14.25%)
  Average Episode Reward: 737.7901 (± 114.2590)
  Average Max Episode Reward: 2392.8521 (± 686.4943)
  Median Max Episode Reward: 2392.8521
  Sample Efficiency - Average Timestep at Max Episode Reward (%): 64.71% (± 25.95%)
  Average AUC Episode Reward: 821964229.4455 (± 157866115.3351)
  Average Final Episode Reward (last 20% timesteps): 859.8833 (± 125.9107)
  Average Inference Mean Reward: 890.2805 (± 152.9995)
  Average Inference Std Reward: 158.1298
  Inference Stability (mean/std): 5.6301

Rank 21: TRPOR_noise0.6
  Average Step Reward: 2.9151 (± 0.0481)
  Average Max Step Reward: 6.4188 (± 0.0066)
  Sample Efficiency - Average Timestep at Max Step Reward (%): 49.97% (± 12.67%)
  Average Episode Reward: 705.9244 (± 7.7780)
  Average Max Episode Reward: 2861.0597 (± 72.8427)
  Median Max Episode Reward: 2861.0597
  Sample Efficiency - Average Timestep at Max Episode Reward (%): 50.12% (± 8.59%)
  Average AUC Episode Reward: 813376968.3070 (± 1805462.4937)
  Average Final Episode Reward (last 20% timesteps): 902.6583 (± 105.3271)
  Average Inference Mean Reward: 926.2999 (± 213.2456)
  Average Inference Std Reward: 232.8633
  Inference Stability (mean/std): 3.9779

Rank 22: TRPOR_noise0.9
  Average Step Reward: 2.7730 (± 0.0263)
  Average Max Step Reward: 6.2694 (± 0.2013)
  Sample Efficiency - Average Timestep at Max Step Reward (%): 39.73% (± 7.40%)
  Average Episode Reward: 684.5514 (± 70.5138)
  Average Max Episode Reward: 2833.7820 (± 79.1662)
  Median Max Episode Reward: 2833.7820
  Sample Efficiency - Average Timestep at Max Episode Reward (%): 74.16% (± 1.52%)
  Average AUC Episode Reward: 780054204.3359 (± 95366476.7270)
  Average Final Episode Reward (last 20% timesteps): 940.9514 (± 142.4290)
  Average Inference Mean Reward: 1226.5771 (± 321.7420)
  Average Inference Std Reward: 507.2361
  Inference Stability (mean/std): 2.4182

Rank 23: TRPO_noise0.9
  Average Step Reward: 2.7022 (± 0.0081)
  Average Max Step Reward: 6.1828 (± 0.1363)
  Sample Efficiency - Average Timestep at Max Step Reward (%): 85.27% (± 1.72%)
  Average Episode Reward: 427.7828 (± 2.5272)
  Average Max Episode Reward: 2919.1867 (± 78.7848)
  Median Max Episode Reward: 2919.1867
  Sample Efficiency - Average Timestep at Max Episode Reward (%): 74.98% (± 6.52%)
  Average AUC Episode Reward: 737016470.4834 (± 23383875.6193)
  Average Final Episode Reward (last 20% timesteps): 1084.0532 (± 35.3142)
  Average Inference Mean Reward: 1567.5012 (± 52.1889)
  Average Inference Std Reward: 726.6639
  Inference Stability (mean/std): 2.1571

Rank 24: TRPO_noise1.0
  Average Step Reward: 2.6315 (± 0.0310)
  Average Max Step Reward: 5.8272 (± 0.3085)
  Sample Efficiency - Average Timestep at Max Step Reward (%): 88.67% (± 12.72%)
  Average Episode Reward: 400.6495 (± 18.3291)
  Average Max Episode Reward: 2892.3041 (± 150.4085)
  Median Max Episode Reward: 2897.6839
  Sample Efficiency - Average Timestep at Max Episode Reward (%): 90.21% (± 9.92%)
  Average AUC Episode Reward: 695584909.2563 (± 59894789.6312)
  Average Final Episode Reward (last 20% timesteps): 1052.3178 (± 127.7264)
  Average Inference Mean Reward: 1512.5490 (± 340.2738)
  Average Inference Std Reward: 629.3880
  Inference Stability (mean/std): 2.4032

Rank 25: TRPOR_noise1.0
  Average Step Reward: 2.6946 (± 0.0435)
  Average Max Step Reward: 6.0047 (± 0.2020)
  Sample Efficiency - Average Timestep at Max Step Reward (%): 57.15% (± 21.25%)
  Average Episode Reward: 566.0763 (± 49.7260)
  Average Max Episode Reward: 2594.0173 (± 196.2406)
  Median Max Episode Reward: 2632.3412
  Sample Efficiency - Average Timestep at Max Episode Reward (%): 71.74% (± 24.18%)
  Average AUC Episode Reward: 640078655.7533 (± 69521270.9361)
  Average Final Episode Reward (last 20% timesteps): 759.1065 (± 103.5551)
  Average Inference Mean Reward: 1044.7887 (± 268.5259)
  Average Inference Std Reward: 440.4324
  Inference Stability (mean/std): 2.3722


Alternative Rankings:
Ranked by average AUC of episode reward curve:
Rank 1: TRPO (AUC: 1181198931.1645)
Rank 2: TRPOR_noise-0.1 (AUC: 1177810892.5152)
Rank 3: TRPO_noise0.1 (AUC: 1156882911.7179)
Rank 4: TRPO_noise0.2 (AUC: 1123084964.3571)
Rank 5: TRPOR (AUC: 1086018108.4997)
Rank 6: TRPO_noise0.4 (AUC: 1064416340.8949)
Rank 7: TRPOR_noise0.1 (AUC: 1060033612.3139)
Rank 8: TRPOR_noise0.2 (AUC: 1036151142.3425)
Rank 9: TRPO_noise0.3 (AUC: 1019419047.3820)
Rank 10: TRPOR_noise-0.3 (AUC: 1013588409.2603)
Rank 11: TRPO_noise0.5 (AUC: 954610740.2919)
Rank 12: TRPOR_noise0.3 (AUC: 943589998.3077)
Rank 13: TRPOR_noise-0.2 (AUC: 919213813.9061)
Rank 14: TRPOR_noise0.4 (AUC: 907520413.1202)
Rank 15: TRPOR_noise0.8 (AUC: 905137967.9622)
Rank 16: TRPO_noise0.6 (AUC: 871807507.1258)
Rank 17: TRPO_noise0.7 (AUC: 860348395.8825)
Rank 18: TRPO_noise0.8 (AUC: 852716783.3016)
Rank 19: TRPOR_noise0.7 (AUC: 839614122.7125)
Rank 20: TRPOR_noise0.5 (AUC: 821964229.4455)
Rank 21: TRPOR_noise0.6 (AUC: 813376968.3070)
Rank 22: TRPOR_noise0.9 (AUC: 780054204.3359)
Rank 23: TRPO_noise0.9 (AUC: 737016470.4834)
Rank 24: TRPO_noise1.0 (AUC: 695584909.2563)
Rank 25: TRPOR_noise1.0 (AUC: 640078655.7533)

Ranked by average final episode reward (last 20% timesteps):
Rank 1: TRPO (Final Avg: 1852.5118)
Rank 2: TRPO_noise0.1 (Final Avg: 1806.3758)
Rank 3: TRPO_noise0.2 (Final Avg: 1718.8477)
Rank 4: TRPO_noise0.3 (Final Avg: 1678.2543)
Rank 5: TRPO_noise0.4 (Final Avg: 1580.8297)
Rank 6: TRPO_noise0.5 (Final Avg: 1426.3084)
Rank 7: TRPOR_noise-0.1 (Final Avg: 1415.3404)
Rank 8: TRPO_noise0.8 (Final Avg: 1332.4112)
Rank 9: TRPO_noise0.6 (Final Avg: 1311.1659)
Rank 10: TRPOR (Final Avg: 1287.1733)
Rank 11: TRPO_noise0.7 (Final Avg: 1268.6989)
Rank 12: TRPOR_noise0.2 (Final Avg: 1244.6688)
Rank 13: TRPOR_noise0.1 (Final Avg: 1241.8714)
Rank 14: TRPOR_noise-0.3 (Final Avg: 1146.8998)
Rank 15: TRPO_noise0.9 (Final Avg: 1084.0532)
Rank 16: TRPOR_noise0.3 (Final Avg: 1081.7061)
Rank 17: TRPOR_noise-0.2 (Final Avg: 1080.8477)
Rank 18: TRPOR_noise0.4 (Final Avg: 1065.3328)
Rank 19: TRPOR_noise0.7 (Final Avg: 1054.3137)
Rank 20: TRPO_noise1.0 (Final Avg: 1052.3178)
Rank 21: TRPOR_noise0.8 (Final Avg: 1044.7541)
Rank 22: TRPOR_noise0.9 (Final Avg: 940.9514)
Rank 23: TRPOR_noise0.6 (Final Avg: 902.6583)
Rank 24: TRPOR_noise0.5 (Final Avg: 859.8833)
Rank 25: TRPOR_noise1.0 (Final Avg: 759.1065)

Ranked by median max episode reward:
Rank 1: TRPO (Median Max: 3564.5609)
Rank 2: TRPO_noise0.1 (Median Max: 3525.8525)
Rank 3: TRPO_noise0.2 (Median Max: 3492.0937)
Rank 4: TRPO_noise0.4 (Median Max: 3417.1574)
Rank 5: TRPO_noise0.3 (Median Max: 3325.0999)
Rank 6: TRPOR_noise-0.1 (Median Max: 3298.4671)
Rank 7: TRPOR (Median Max: 3284.0354)
Rank 8: TRPOR_noise0.1 (Median Max: 3239.7420)
Rank 9: TRPO_noise0.7 (Median Max: 3231.8801)
Rank 10: TRPO_noise0.5 (Median Max: 3213.0430)
Rank 11: TRPOR_noise0.2 (Median Max: 3202.8474)
Rank 12: TRPOR_noise0.3 (Median Max: 3192.3478)
Rank 13: TRPO_noise0.8 (Median Max: 3162.3259)
Rank 14: TRPO_noise0.6 (Median Max: 3096.9725)
Rank 15: TRPOR_noise0.4 (Median Max: 3086.7995)
Rank 16: TRPOR_noise-0.3 (Median Max: 3054.3922)
Rank 17: TRPOR_noise0.8 (Median Max: 3026.2447)
Rank 18: TRPOR_noise-0.2 (Median Max: 3014.5499)
Rank 19: TRPO_noise0.9 (Median Max: 2919.1867)
Rank 20: TRPOR_noise0.7 (Median Max: 2914.2559)
Rank 21: TRPO_noise1.0 (Median Max: 2897.6839)
Rank 22: TRPOR_noise0.6 (Median Max: 2861.0597)
Rank 23: TRPOR_noise0.9 (Median Max: 2833.7820)
Rank 24: TRPOR_noise1.0 (Median Max: 2632.3412)
Rank 25: TRPOR_noise0.5 (Median Max: 2392.8521)
Will run black and isort on modified, added, untracked, or staged Python files
No modified, added, untracked, or staged Python files
Generating report for halfcheetah-v5 in assets/halfcheetah-v5_ts1000000_runs100...
Generating report for experiments in assets/halfcheetah-v5_ts1000000_runs100 on environment halfcheetah-v5...
